ARM GAS  /var/folders/rj/9n9dpytj2n74_jwlj_p0xk9m0000gn/T//cc4pNa3p.s 			page 1


   1              		.cpu cortex-m4
   2              		.arch armv7e-m
   3              		.fpu fpv4-sp-d16
   4              		.eabi_attribute 27, 1
   5              		.eabi_attribute 28, 1
   6              		.eabi_attribute 20, 1
   7              		.eabi_attribute 21, 1
   8              		.eabi_attribute 23, 3
   9              		.eabi_attribute 24, 1
  10              		.eabi_attribute 25, 1
  11              		.eabi_attribute 26, 1
  12              		.eabi_attribute 30, 1
  13              		.eabi_attribute 34, 1
  14              		.eabi_attribute 18, 4
  15              		.file	"adc.c"
  16              		.text
  17              	.Ltext0:
  18              		.cfi_sections	.debug_frame
  19              		.file 1 "Core/Src/adc.c"
  20              		.section	.text.MX_ADC1_Init,"ax",%progbits
  21              		.align	1
  22              		.global	MX_ADC1_Init
  23              		.syntax unified
  24              		.thumb
  25              		.thumb_func
  27              	MX_ADC1_Init:
  28              	.LFB220:
   1:Core/Src/adc.c **** /* USER CODE BEGIN Header */
   2:Core/Src/adc.c **** /**
   3:Core/Src/adc.c ****   ******************************************************************************
   4:Core/Src/adc.c ****   * @file    adc.c
   5:Core/Src/adc.c ****   * @brief   This file provides code for the configuration
   6:Core/Src/adc.c ****   *          of the ADC instances.
   7:Core/Src/adc.c ****   ******************************************************************************
   8:Core/Src/adc.c ****   * @attention
   9:Core/Src/adc.c ****   *
  10:Core/Src/adc.c ****   * Copyright (c) 2024 STMicroelectronics.
  11:Core/Src/adc.c ****   * All rights reserved.
  12:Core/Src/adc.c ****   *
  13:Core/Src/adc.c ****   * This software is licensed under terms that can be found in the LICENSE file
  14:Core/Src/adc.c ****   * in the root directory of this software component.
  15:Core/Src/adc.c ****   * If no LICENSE file comes with this software, it is provided AS-IS.
  16:Core/Src/adc.c ****   *
  17:Core/Src/adc.c ****   ******************************************************************************
  18:Core/Src/adc.c ****   */
  19:Core/Src/adc.c **** /* USER CODE END Header */
  20:Core/Src/adc.c **** /* Includes ------------------------------------------------------------------*/
  21:Core/Src/adc.c **** #include "adc.h"
  22:Core/Src/adc.c **** 
  23:Core/Src/adc.c **** /* USER CODE BEGIN 0 */
  24:Core/Src/adc.c **** 
  25:Core/Src/adc.c **** /* USER CODE END 0 */
  26:Core/Src/adc.c **** 
  27:Core/Src/adc.c **** ADC_HandleTypeDef hadc1;
  28:Core/Src/adc.c **** 
  29:Core/Src/adc.c **** /* ADC1 init function */
  30:Core/Src/adc.c **** void MX_ADC1_Init(void)
ARM GAS  /var/folders/rj/9n9dpytj2n74_jwlj_p0xk9m0000gn/T//cc4pNa3p.s 			page 2


  31:Core/Src/adc.c **** {
  29              		.loc 1 31 1 view -0
  30              		.cfi_startproc
  31              		@ args = 0, pretend = 0, frame = 16
  32              		@ frame_needed = 0, uses_anonymous_args = 0
  33 0000 00B5     		push	{lr}
  34              		.cfi_def_cfa_offset 4
  35              		.cfi_offset 14, -4
  36 0002 85B0     		sub	sp, sp, #20
  37              		.cfi_def_cfa_offset 24
  32:Core/Src/adc.c **** 
  33:Core/Src/adc.c ****   /* USER CODE BEGIN ADC1_Init 0 */
  34:Core/Src/adc.c **** 
  35:Core/Src/adc.c ****   /* USER CODE END ADC1_Init 0 */
  36:Core/Src/adc.c **** 
  37:Core/Src/adc.c ****   ADC_ChannelConfTypeDef sConfig = {0};
  38              		.loc 1 37 3 view .LVU1
  39              		.loc 1 37 26 is_stmt 0 view .LVU2
  40 0004 0023     		movs	r3, #0
  41 0006 0093     		str	r3, [sp]
  42 0008 0193     		str	r3, [sp, #4]
  43 000a 0293     		str	r3, [sp, #8]
  44 000c 0393     		str	r3, [sp, #12]
  38:Core/Src/adc.c **** 
  39:Core/Src/adc.c ****   /* USER CODE BEGIN ADC1_Init 1 */
  40:Core/Src/adc.c **** 
  41:Core/Src/adc.c ****   /* USER CODE END ADC1_Init 1 */
  42:Core/Src/adc.c **** 
  43:Core/Src/adc.c ****   /** Configure the global features of the ADC (Clock, Resolution, Data Alignment and number of con
  44:Core/Src/adc.c ****   */
  45:Core/Src/adc.c ****   hadc1.Instance = ADC1;
  45              		.loc 1 45 3 is_stmt 1 view .LVU3
  46              		.loc 1 45 18 is_stmt 0 view .LVU4
  47 000e 1448     		ldr	r0, .L7
  48 0010 144A     		ldr	r2, .L7+4
  49 0012 0260     		str	r2, [r0]
  46:Core/Src/adc.c ****   hadc1.Init.ClockPrescaler = ADC_CLOCK_SYNC_PCLK_DIV2;
  50              		.loc 1 46 3 is_stmt 1 view .LVU5
  51              		.loc 1 46 29 is_stmt 0 view .LVU6
  52 0014 4360     		str	r3, [r0, #4]
  47:Core/Src/adc.c ****   hadc1.Init.Resolution = ADC_RESOLUTION_12B;
  53              		.loc 1 47 3 is_stmt 1 view .LVU7
  54              		.loc 1 47 25 is_stmt 0 view .LVU8
  55 0016 8360     		str	r3, [r0, #8]
  48:Core/Src/adc.c ****   hadc1.Init.ScanConvMode = ENABLE;
  56              		.loc 1 48 3 is_stmt 1 view .LVU9
  57              		.loc 1 48 27 is_stmt 0 view .LVU10
  58 0018 0122     		movs	r2, #1
  59 001a 0261     		str	r2, [r0, #16]
  49:Core/Src/adc.c ****   hadc1.Init.ContinuousConvMode = DISABLE;
  60              		.loc 1 49 3 is_stmt 1 view .LVU11
  61              		.loc 1 49 33 is_stmt 0 view .LVU12
  62 001c 0376     		strb	r3, [r0, #24]
  50:Core/Src/adc.c ****   hadc1.Init.DiscontinuousConvMode = ENABLE;
  63              		.loc 1 50 3 is_stmt 1 view .LVU13
  64              		.loc 1 50 36 is_stmt 0 view .LVU14
  65 001e 80F82020 		strb	r2, [r0, #32]
ARM GAS  /var/folders/rj/9n9dpytj2n74_jwlj_p0xk9m0000gn/T//cc4pNa3p.s 			page 3


  51:Core/Src/adc.c ****   hadc1.Init.NbrOfDiscConversion = 1;
  66              		.loc 1 51 3 is_stmt 1 view .LVU15
  67              		.loc 1 51 34 is_stmt 0 view .LVU16
  68 0022 4262     		str	r2, [r0, #36]
  52:Core/Src/adc.c ****   hadc1.Init.ExternalTrigConvEdge = ADC_EXTERNALTRIGCONVEDGE_NONE;
  69              		.loc 1 52 3 is_stmt 1 view .LVU17
  70              		.loc 1 52 35 is_stmt 0 view .LVU18
  71 0024 C362     		str	r3, [r0, #44]
  53:Core/Src/adc.c ****   hadc1.Init.ExternalTrigConv = ADC_SOFTWARE_START;
  72              		.loc 1 53 3 is_stmt 1 view .LVU19
  73              		.loc 1 53 31 is_stmt 0 view .LVU20
  74 0026 1049     		ldr	r1, .L7+8
  75 0028 8162     		str	r1, [r0, #40]
  54:Core/Src/adc.c ****   hadc1.Init.DataAlign = ADC_DATAALIGN_RIGHT;
  76              		.loc 1 54 3 is_stmt 1 view .LVU21
  77              		.loc 1 54 24 is_stmt 0 view .LVU22
  78 002a C360     		str	r3, [r0, #12]
  55:Core/Src/adc.c ****   hadc1.Init.NbrOfConversion = 1;
  79              		.loc 1 55 3 is_stmt 1 view .LVU23
  80              		.loc 1 55 30 is_stmt 0 view .LVU24
  81 002c C261     		str	r2, [r0, #28]
  56:Core/Src/adc.c ****   hadc1.Init.DMAContinuousRequests = DISABLE;
  82              		.loc 1 56 3 is_stmt 1 view .LVU25
  83              		.loc 1 56 36 is_stmt 0 view .LVU26
  84 002e 80F83030 		strb	r3, [r0, #48]
  57:Core/Src/adc.c ****   hadc1.Init.EOCSelection = ADC_EOC_SINGLE_CONV;
  85              		.loc 1 57 3 is_stmt 1 view .LVU27
  86              		.loc 1 57 27 is_stmt 0 view .LVU28
  87 0032 4261     		str	r2, [r0, #20]
  58:Core/Src/adc.c ****   if (HAL_ADC_Init(&hadc1) != HAL_OK)
  88              		.loc 1 58 3 is_stmt 1 view .LVU29
  89              		.loc 1 58 7 is_stmt 0 view .LVU30
  90 0034 FFF7FEFF 		bl	HAL_ADC_Init
  91              	.LVL0:
  92              		.loc 1 58 6 discriminator 1 view .LVU31
  93 0038 60B9     		cbnz	r0, .L5
  94              	.L2:
  59:Core/Src/adc.c ****   {
  60:Core/Src/adc.c ****     Error_Handler();
  61:Core/Src/adc.c ****   }
  62:Core/Src/adc.c **** 
  63:Core/Src/adc.c ****   /** Configure for the selected ADC regular channel its corresponding rank in the sequencer and it
  64:Core/Src/adc.c ****   */
  65:Core/Src/adc.c ****   sConfig.Channel = ADC_CHANNEL_0;
  95              		.loc 1 65 3 is_stmt 1 view .LVU32
  96              		.loc 1 65 19 is_stmt 0 view .LVU33
  97 003a 0023     		movs	r3, #0
  98 003c 0093     		str	r3, [sp]
  66:Core/Src/adc.c ****   sConfig.Rank = 1;
  99              		.loc 1 66 3 is_stmt 1 view .LVU34
 100              		.loc 1 66 16 is_stmt 0 view .LVU35
 101 003e 0122     		movs	r2, #1
 102 0040 0192     		str	r2, [sp, #4]
  67:Core/Src/adc.c ****   sConfig.SamplingTime = ADC_SAMPLETIME_3CYCLES;
 103              		.loc 1 67 3 is_stmt 1 view .LVU36
 104              		.loc 1 67 24 is_stmt 0 view .LVU37
 105 0042 0293     		str	r3, [sp, #8]
ARM GAS  /var/folders/rj/9n9dpytj2n74_jwlj_p0xk9m0000gn/T//cc4pNa3p.s 			page 4


  68:Core/Src/adc.c ****   if (HAL_ADC_ConfigChannel(&hadc1, &sConfig) != HAL_OK)
 106              		.loc 1 68 3 is_stmt 1 view .LVU38
 107              		.loc 1 68 7 is_stmt 0 view .LVU39
 108 0044 6946     		mov	r1, sp
 109 0046 0648     		ldr	r0, .L7
 110 0048 FFF7FEFF 		bl	HAL_ADC_ConfigChannel
 111              	.LVL1:
 112              		.loc 1 68 6 discriminator 1 view .LVU40
 113 004c 28B9     		cbnz	r0, .L6
 114              	.L1:
  69:Core/Src/adc.c ****   {
  70:Core/Src/adc.c ****     Error_Handler();
  71:Core/Src/adc.c ****   }
  72:Core/Src/adc.c ****   /* USER CODE BEGIN ADC1_Init 2 */
  73:Core/Src/adc.c **** 
  74:Core/Src/adc.c ****   /* USER CODE END ADC1_Init 2 */
  75:Core/Src/adc.c **** 
  76:Core/Src/adc.c **** }
 115              		.loc 1 76 1 view .LVU41
 116 004e 05B0     		add	sp, sp, #20
 117              		.cfi_remember_state
 118              		.cfi_def_cfa_offset 4
 119              		@ sp needed
 120 0050 5DF804FB 		ldr	pc, [sp], #4
 121              	.L5:
 122              		.cfi_restore_state
  60:Core/Src/adc.c ****   }
 123              		.loc 1 60 5 is_stmt 1 view .LVU42
 124 0054 FFF7FEFF 		bl	Error_Handler
 125              	.LVL2:
 126 0058 EFE7     		b	.L2
 127              	.L6:
  70:Core/Src/adc.c ****   }
 128              		.loc 1 70 5 view .LVU43
 129 005a FFF7FEFF 		bl	Error_Handler
 130              	.LVL3:
 131              		.loc 1 76 1 is_stmt 0 view .LVU44
 132 005e F6E7     		b	.L1
 133              	.L8:
 134              		.align	2
 135              	.L7:
 136 0060 00000000 		.word	hadc1
 137 0064 00200140 		.word	1073815552
 138 0068 0100000F 		.word	251658241
 139              		.cfi_endproc
 140              	.LFE220:
 142              		.section	.text.HAL_ADC_MspInit,"ax",%progbits
 143              		.align	1
 144              		.global	HAL_ADC_MspInit
 145              		.syntax unified
 146              		.thumb
 147              		.thumb_func
 149              	HAL_ADC_MspInit:
 150              	.LVL4:
 151              	.LFB221:
  77:Core/Src/adc.c **** 
  78:Core/Src/adc.c **** void HAL_ADC_MspInit(ADC_HandleTypeDef* adcHandle)
ARM GAS  /var/folders/rj/9n9dpytj2n74_jwlj_p0xk9m0000gn/T//cc4pNa3p.s 			page 5


  79:Core/Src/adc.c **** {
 152              		.loc 1 79 1 is_stmt 1 view -0
 153              		.cfi_startproc
 154              		@ args = 0, pretend = 0, frame = 32
 155              		@ frame_needed = 0, uses_anonymous_args = 0
 156              		.loc 1 79 1 is_stmt 0 view .LVU46
 157 0000 30B5     		push	{r4, r5, lr}
 158              		.cfi_def_cfa_offset 12
 159              		.cfi_offset 4, -12
 160              		.cfi_offset 5, -8
 161              		.cfi_offset 14, -4
 162 0002 89B0     		sub	sp, sp, #36
 163              		.cfi_def_cfa_offset 48
  80:Core/Src/adc.c **** 
  81:Core/Src/adc.c ****   GPIO_InitTypeDef GPIO_InitStruct = {0};
 164              		.loc 1 81 3 is_stmt 1 view .LVU47
 165              		.loc 1 81 20 is_stmt 0 view .LVU48
 166 0004 0023     		movs	r3, #0
 167 0006 0393     		str	r3, [sp, #12]
 168 0008 0493     		str	r3, [sp, #16]
 169 000a 0593     		str	r3, [sp, #20]
 170 000c 0693     		str	r3, [sp, #24]
 171 000e 0793     		str	r3, [sp, #28]
  82:Core/Src/adc.c ****   if(adcHandle->Instance==ADC1)
 172              		.loc 1 82 3 is_stmt 1 view .LVU49
 173              		.loc 1 82 15 is_stmt 0 view .LVU50
 174 0010 0268     		ldr	r2, [r0]
 175              		.loc 1 82 5 view .LVU51
 176 0012 03F18043 		add	r3, r3, #1073741824
 177 0016 03F59033 		add	r3, r3, #73728
 178 001a 9A42     		cmp	r2, r3
 179 001c 01D0     		beq	.L12
 180              	.LVL5:
 181              	.L9:
  83:Core/Src/adc.c ****   {
  84:Core/Src/adc.c ****   /* USER CODE BEGIN ADC1_MspInit 0 */
  85:Core/Src/adc.c **** 
  86:Core/Src/adc.c ****   /* USER CODE END ADC1_MspInit 0 */
  87:Core/Src/adc.c ****     /* ADC1 clock enable */
  88:Core/Src/adc.c ****     __HAL_RCC_ADC1_CLK_ENABLE();
  89:Core/Src/adc.c **** 
  90:Core/Src/adc.c ****     __HAL_RCC_GPIOA_CLK_ENABLE();
  91:Core/Src/adc.c ****     __HAL_RCC_GPIOB_CLK_ENABLE();
  92:Core/Src/adc.c ****     /**ADC1 GPIO Configuration
  93:Core/Src/adc.c ****     PA0-WKUP     ------> ADC1_IN0
  94:Core/Src/adc.c ****     PA1     ------> ADC1_IN1
  95:Core/Src/adc.c ****     PA2     ------> ADC1_IN2
  96:Core/Src/adc.c ****     PA3     ------> ADC1_IN3
  97:Core/Src/adc.c ****     PA4     ------> ADC1_IN4
  98:Core/Src/adc.c ****     PA5     ------> ADC1_IN5
  99:Core/Src/adc.c ****     PA6     ------> ADC1_IN6
 100:Core/Src/adc.c ****     PA7     ------> ADC1_IN7
 101:Core/Src/adc.c ****     PB0     ------> ADC1_IN8
 102:Core/Src/adc.c ****     */
 103:Core/Src/adc.c ****     GPIO_InitStruct.Pin = Unbuff_DAC_Pin|DAC_Pin|Amp_Pin|Signal_Pin
 104:Core/Src/adc.c ****                           |Au1_Pin|Au2_Pin|Ti1_Pin|Ti2_Pin;
 105:Core/Src/adc.c ****     GPIO_InitStruct.Mode = GPIO_MODE_ANALOG;
ARM GAS  /var/folders/rj/9n9dpytj2n74_jwlj_p0xk9m0000gn/T//cc4pNa3p.s 			page 6


 106:Core/Src/adc.c ****     GPIO_InitStruct.Pull = GPIO_NOPULL;
 107:Core/Src/adc.c ****     HAL_GPIO_Init(GPIOA, &GPIO_InitStruct);
 108:Core/Src/adc.c **** 
 109:Core/Src/adc.c ****     GPIO_InitStruct.Pin = Calib_Pin;
 110:Core/Src/adc.c ****     GPIO_InitStruct.Mode = GPIO_MODE_ANALOG;
 111:Core/Src/adc.c ****     GPIO_InitStruct.Pull = GPIO_NOPULL;
 112:Core/Src/adc.c ****     HAL_GPIO_Init(Calib_GPIO_Port, &GPIO_InitStruct);
 113:Core/Src/adc.c **** 
 114:Core/Src/adc.c ****   /* USER CODE BEGIN ADC1_MspInit 1 */
 115:Core/Src/adc.c **** 
 116:Core/Src/adc.c ****   /* USER CODE END ADC1_MspInit 1 */
 117:Core/Src/adc.c ****   }
 118:Core/Src/adc.c **** }
 182              		.loc 1 118 1 view .LVU52
 183 001e 09B0     		add	sp, sp, #36
 184              		.cfi_remember_state
 185              		.cfi_def_cfa_offset 12
 186              		@ sp needed
 187 0020 30BD     		pop	{r4, r5, pc}
 188              	.LVL6:
 189              	.L12:
 190              		.cfi_restore_state
  88:Core/Src/adc.c **** 
 191              		.loc 1 88 5 is_stmt 1 view .LVU53
 192              	.LBB2:
  88:Core/Src/adc.c **** 
 193              		.loc 1 88 5 view .LVU54
 194 0022 0024     		movs	r4, #0
 195 0024 0094     		str	r4, [sp]
  88:Core/Src/adc.c **** 
 196              		.loc 1 88 5 view .LVU55
 197 0026 03F58C33 		add	r3, r3, #71680
 198 002a 5A6C     		ldr	r2, [r3, #68]
 199 002c 42F48072 		orr	r2, r2, #256
 200 0030 5A64     		str	r2, [r3, #68]
  88:Core/Src/adc.c **** 
 201              		.loc 1 88 5 view .LVU56
 202 0032 5A6C     		ldr	r2, [r3, #68]
 203 0034 02F48072 		and	r2, r2, #256
 204 0038 0092     		str	r2, [sp]
  88:Core/Src/adc.c **** 
 205              		.loc 1 88 5 view .LVU57
 206 003a 009A     		ldr	r2, [sp]
 207              	.LBE2:
  88:Core/Src/adc.c **** 
 208              		.loc 1 88 5 view .LVU58
  90:Core/Src/adc.c ****     __HAL_RCC_GPIOB_CLK_ENABLE();
 209              		.loc 1 90 5 view .LVU59
 210              	.LBB3:
  90:Core/Src/adc.c ****     __HAL_RCC_GPIOB_CLK_ENABLE();
 211              		.loc 1 90 5 view .LVU60
 212 003c 0194     		str	r4, [sp, #4]
  90:Core/Src/adc.c ****     __HAL_RCC_GPIOB_CLK_ENABLE();
 213              		.loc 1 90 5 view .LVU61
 214 003e 1A6B     		ldr	r2, [r3, #48]
 215 0040 42F00102 		orr	r2, r2, #1
 216 0044 1A63     		str	r2, [r3, #48]
ARM GAS  /var/folders/rj/9n9dpytj2n74_jwlj_p0xk9m0000gn/T//cc4pNa3p.s 			page 7


  90:Core/Src/adc.c ****     __HAL_RCC_GPIOB_CLK_ENABLE();
 217              		.loc 1 90 5 view .LVU62
 218 0046 1A6B     		ldr	r2, [r3, #48]
 219 0048 02F00102 		and	r2, r2, #1
 220 004c 0192     		str	r2, [sp, #4]
  90:Core/Src/adc.c ****     __HAL_RCC_GPIOB_CLK_ENABLE();
 221              		.loc 1 90 5 view .LVU63
 222 004e 019A     		ldr	r2, [sp, #4]
 223              	.LBE3:
  90:Core/Src/adc.c ****     __HAL_RCC_GPIOB_CLK_ENABLE();
 224              		.loc 1 90 5 view .LVU64
  91:Core/Src/adc.c ****     /**ADC1 GPIO Configuration
 225              		.loc 1 91 5 view .LVU65
 226              	.LBB4:
  91:Core/Src/adc.c ****     /**ADC1 GPIO Configuration
 227              		.loc 1 91 5 view .LVU66
 228 0050 0294     		str	r4, [sp, #8]
  91:Core/Src/adc.c ****     /**ADC1 GPIO Configuration
 229              		.loc 1 91 5 view .LVU67
 230 0052 1A6B     		ldr	r2, [r3, #48]
 231 0054 42F00202 		orr	r2, r2, #2
 232 0058 1A63     		str	r2, [r3, #48]
  91:Core/Src/adc.c ****     /**ADC1 GPIO Configuration
 233              		.loc 1 91 5 view .LVU68
 234 005a 1B6B     		ldr	r3, [r3, #48]
 235 005c 03F00203 		and	r3, r3, #2
 236 0060 0293     		str	r3, [sp, #8]
  91:Core/Src/adc.c ****     /**ADC1 GPIO Configuration
 237              		.loc 1 91 5 view .LVU69
 238 0062 029B     		ldr	r3, [sp, #8]
 239              	.LBE4:
  91:Core/Src/adc.c ****     /**ADC1 GPIO Configuration
 240              		.loc 1 91 5 view .LVU70
 103:Core/Src/adc.c ****                           |Au1_Pin|Au2_Pin|Ti1_Pin|Ti2_Pin;
 241              		.loc 1 103 5 view .LVU71
 103:Core/Src/adc.c ****                           |Au1_Pin|Au2_Pin|Ti1_Pin|Ti2_Pin;
 242              		.loc 1 103 25 is_stmt 0 view .LVU72
 243 0064 FF23     		movs	r3, #255
 244 0066 0393     		str	r3, [sp, #12]
 105:Core/Src/adc.c ****     GPIO_InitStruct.Pull = GPIO_NOPULL;
 245              		.loc 1 105 5 is_stmt 1 view .LVU73
 105:Core/Src/adc.c ****     GPIO_InitStruct.Pull = GPIO_NOPULL;
 246              		.loc 1 105 26 is_stmt 0 view .LVU74
 247 0068 0325     		movs	r5, #3
 248 006a 0495     		str	r5, [sp, #16]
 106:Core/Src/adc.c ****     HAL_GPIO_Init(GPIOA, &GPIO_InitStruct);
 249              		.loc 1 106 5 is_stmt 1 view .LVU75
 107:Core/Src/adc.c **** 
 250              		.loc 1 107 5 view .LVU76
 251 006c 03A9     		add	r1, sp, #12
 252 006e 0648     		ldr	r0, .L13
 253              	.LVL7:
 107:Core/Src/adc.c **** 
 254              		.loc 1 107 5 is_stmt 0 view .LVU77
 255 0070 FFF7FEFF 		bl	HAL_GPIO_Init
 256              	.LVL8:
 109:Core/Src/adc.c ****     GPIO_InitStruct.Mode = GPIO_MODE_ANALOG;
ARM GAS  /var/folders/rj/9n9dpytj2n74_jwlj_p0xk9m0000gn/T//cc4pNa3p.s 			page 8


 257              		.loc 1 109 5 is_stmt 1 view .LVU78
 109:Core/Src/adc.c ****     GPIO_InitStruct.Mode = GPIO_MODE_ANALOG;
 258              		.loc 1 109 25 is_stmt 0 view .LVU79
 259 0074 0123     		movs	r3, #1
 260 0076 0393     		str	r3, [sp, #12]
 110:Core/Src/adc.c ****     GPIO_InitStruct.Pull = GPIO_NOPULL;
 261              		.loc 1 110 5 is_stmt 1 view .LVU80
 110:Core/Src/adc.c ****     GPIO_InitStruct.Pull = GPIO_NOPULL;
 262              		.loc 1 110 26 is_stmt 0 view .LVU81
 263 0078 0495     		str	r5, [sp, #16]
 111:Core/Src/adc.c ****     HAL_GPIO_Init(Calib_GPIO_Port, &GPIO_InitStruct);
 264              		.loc 1 111 5 is_stmt 1 view .LVU82
 111:Core/Src/adc.c ****     HAL_GPIO_Init(Calib_GPIO_Port, &GPIO_InitStruct);
 265              		.loc 1 111 26 is_stmt 0 view .LVU83
 266 007a 0594     		str	r4, [sp, #20]
 112:Core/Src/adc.c **** 
 267              		.loc 1 112 5 is_stmt 1 view .LVU84
 268 007c 03A9     		add	r1, sp, #12
 269 007e 0348     		ldr	r0, .L13+4
 270 0080 FFF7FEFF 		bl	HAL_GPIO_Init
 271              	.LVL9:
 272              		.loc 1 118 1 is_stmt 0 view .LVU85
 273 0084 CBE7     		b	.L9
 274              	.L14:
 275 0086 00BF     		.align	2
 276              	.L13:
 277 0088 00000240 		.word	1073872896
 278 008c 00040240 		.word	1073873920
 279              		.cfi_endproc
 280              	.LFE221:
 282              		.section	.text.HAL_ADC_MspDeInit,"ax",%progbits
 283              		.align	1
 284              		.global	HAL_ADC_MspDeInit
 285              		.syntax unified
 286              		.thumb
 287              		.thumb_func
 289              	HAL_ADC_MspDeInit:
 290              	.LVL10:
 291              	.LFB222:
 119:Core/Src/adc.c **** 
 120:Core/Src/adc.c **** void HAL_ADC_MspDeInit(ADC_HandleTypeDef* adcHandle)
 121:Core/Src/adc.c **** {
 292              		.loc 1 121 1 is_stmt 1 view -0
 293              		.cfi_startproc
 294              		@ args = 0, pretend = 0, frame = 0
 295              		@ frame_needed = 0, uses_anonymous_args = 0
 296              		.loc 1 121 1 is_stmt 0 view .LVU87
 297 0000 08B5     		push	{r3, lr}
 298              		.cfi_def_cfa_offset 8
 299              		.cfi_offset 3, -8
 300              		.cfi_offset 14, -4
 122:Core/Src/adc.c **** 
 123:Core/Src/adc.c ****   if(adcHandle->Instance==ADC1)
 301              		.loc 1 123 3 is_stmt 1 view .LVU88
 302              		.loc 1 123 15 is_stmt 0 view .LVU89
 303 0002 0268     		ldr	r2, [r0]
 304              		.loc 1 123 5 view .LVU90
ARM GAS  /var/folders/rj/9n9dpytj2n74_jwlj_p0xk9m0000gn/T//cc4pNa3p.s 			page 9


 305 0004 084B     		ldr	r3, .L19
 306 0006 9A42     		cmp	r2, r3
 307 0008 00D0     		beq	.L18
 308              	.LVL11:
 309              	.L15:
 124:Core/Src/adc.c ****   {
 125:Core/Src/adc.c ****   /* USER CODE BEGIN ADC1_MspDeInit 0 */
 126:Core/Src/adc.c **** 
 127:Core/Src/adc.c ****   /* USER CODE END ADC1_MspDeInit 0 */
 128:Core/Src/adc.c ****     /* Peripheral clock disable */
 129:Core/Src/adc.c ****     __HAL_RCC_ADC1_CLK_DISABLE();
 130:Core/Src/adc.c **** 
 131:Core/Src/adc.c ****     /**ADC1 GPIO Configuration
 132:Core/Src/adc.c ****     PA0-WKUP     ------> ADC1_IN0
 133:Core/Src/adc.c ****     PA1     ------> ADC1_IN1
 134:Core/Src/adc.c ****     PA2     ------> ADC1_IN2
 135:Core/Src/adc.c ****     PA3     ------> ADC1_IN3
 136:Core/Src/adc.c ****     PA4     ------> ADC1_IN4
 137:Core/Src/adc.c ****     PA5     ------> ADC1_IN5
 138:Core/Src/adc.c ****     PA6     ------> ADC1_IN6
 139:Core/Src/adc.c ****     PA7     ------> ADC1_IN7
 140:Core/Src/adc.c ****     PB0     ------> ADC1_IN8
 141:Core/Src/adc.c ****     */
 142:Core/Src/adc.c ****     HAL_GPIO_DeInit(GPIOA, Unbuff_DAC_Pin|DAC_Pin|Amp_Pin|Signal_Pin
 143:Core/Src/adc.c ****                           |Au1_Pin|Au2_Pin|Ti1_Pin|Ti2_Pin);
 144:Core/Src/adc.c **** 
 145:Core/Src/adc.c ****     HAL_GPIO_DeInit(Calib_GPIO_Port, Calib_Pin);
 146:Core/Src/adc.c **** 
 147:Core/Src/adc.c ****   /* USER CODE BEGIN ADC1_MspDeInit 1 */
 148:Core/Src/adc.c **** 
 149:Core/Src/adc.c ****   /* USER CODE END ADC1_MspDeInit 1 */
 150:Core/Src/adc.c ****   }
 151:Core/Src/adc.c **** }
 310              		.loc 1 151 1 view .LVU91
 311 000a 08BD     		pop	{r3, pc}
 312              	.LVL12:
 313              	.L18:
 129:Core/Src/adc.c **** 
 314              		.loc 1 129 5 is_stmt 1 view .LVU92
 315 000c 074A     		ldr	r2, .L19+4
 316 000e 536C     		ldr	r3, [r2, #68]
 317 0010 23F48073 		bic	r3, r3, #256
 318 0014 5364     		str	r3, [r2, #68]
 142:Core/Src/adc.c ****                           |Au1_Pin|Au2_Pin|Ti1_Pin|Ti2_Pin);
 319              		.loc 1 142 5 view .LVU93
 320 0016 FF21     		movs	r1, #255
 321 0018 0548     		ldr	r0, .L19+8
 322              	.LVL13:
 142:Core/Src/adc.c ****                           |Au1_Pin|Au2_Pin|Ti1_Pin|Ti2_Pin);
 323              		.loc 1 142 5 is_stmt 0 view .LVU94
 324 001a FFF7FEFF 		bl	HAL_GPIO_DeInit
 325              	.LVL14:
 145:Core/Src/adc.c **** 
 326              		.loc 1 145 5 is_stmt 1 view .LVU95
 327 001e 0121     		movs	r1, #1
 328 0020 0448     		ldr	r0, .L19+12
 329 0022 FFF7FEFF 		bl	HAL_GPIO_DeInit
ARM GAS  /var/folders/rj/9n9dpytj2n74_jwlj_p0xk9m0000gn/T//cc4pNa3p.s 			page 10


 330              	.LVL15:
 331              		.loc 1 151 1 is_stmt 0 view .LVU96
 332 0026 F0E7     		b	.L15
 333              	.L20:
 334              		.align	2
 335              	.L19:
 336 0028 00200140 		.word	1073815552
 337 002c 00380240 		.word	1073887232
 338 0030 00000240 		.word	1073872896
 339 0034 00040240 		.word	1073873920
 340              		.cfi_endproc
 341              	.LFE222:
 343              		.global	hadc1
 344              		.section	.bss.hadc1,"aw",%nobits
 345              		.align	2
 348              	hadc1:
 349 0000 00000000 		.space	72
 349      00000000 
 349      00000000 
 349      00000000 
 349      00000000 
 350              		.text
 351              	.Letext0:
 352              		.file 2 "/opt/local/arm-none-eabi/include/machine/_default_types.h"
 353              		.file 3 "/opt/local/arm-none-eabi/include/sys/_stdint.h"
 354              		.file 4 "Drivers/CMSIS/Device/ST/STM32F4xx/Include/stm32f401xc.h"
 355              		.file 5 "Drivers/CMSIS/Device/ST/STM32F4xx/Include/stm32f4xx.h"
 356              		.file 6 "Drivers/STM32F4xx_HAL_Driver/Inc/stm32f4xx_hal_def.h"
 357              		.file 7 "Drivers/STM32F4xx_HAL_Driver/Inc/stm32f4xx_hal_gpio.h"
 358              		.file 8 "Drivers/STM32F4xx_HAL_Driver/Inc/stm32f4xx_hal_dma.h"
 359              		.file 9 "Drivers/STM32F4xx_HAL_Driver/Inc/stm32f4xx_hal_adc.h"
 360              		.file 10 "Core/Inc/adc.h"
 361              		.file 11 "Core/Inc/main.h"
ARM GAS  /var/folders/rj/9n9dpytj2n74_jwlj_p0xk9m0000gn/T//cc4pNa3p.s 			page 11


DEFINED SYMBOLS
                            *ABS*:00000000 adc.c
/var/folders/rj/9n9dpytj2n74_jwlj_p0xk9m0000gn/T//cc4pNa3p.s:21     .text.MX_ADC1_Init:00000000 $t
/var/folders/rj/9n9dpytj2n74_jwlj_p0xk9m0000gn/T//cc4pNa3p.s:27     .text.MX_ADC1_Init:00000000 MX_ADC1_Init
/var/folders/rj/9n9dpytj2n74_jwlj_p0xk9m0000gn/T//cc4pNa3p.s:136    .text.MX_ADC1_Init:00000060 $d
/var/folders/rj/9n9dpytj2n74_jwlj_p0xk9m0000gn/T//cc4pNa3p.s:348    .bss.hadc1:00000000 hadc1
/var/folders/rj/9n9dpytj2n74_jwlj_p0xk9m0000gn/T//cc4pNa3p.s:143    .text.HAL_ADC_MspInit:00000000 $t
/var/folders/rj/9n9dpytj2n74_jwlj_p0xk9m0000gn/T//cc4pNa3p.s:149    .text.HAL_ADC_MspInit:00000000 HAL_ADC_MspInit
/var/folders/rj/9n9dpytj2n74_jwlj_p0xk9m0000gn/T//cc4pNa3p.s:277    .text.HAL_ADC_MspInit:00000088 $d
/var/folders/rj/9n9dpytj2n74_jwlj_p0xk9m0000gn/T//cc4pNa3p.s:283    .text.HAL_ADC_MspDeInit:00000000 $t
/var/folders/rj/9n9dpytj2n74_jwlj_p0xk9m0000gn/T//cc4pNa3p.s:289    .text.HAL_ADC_MspDeInit:00000000 HAL_ADC_MspDeInit
/var/folders/rj/9n9dpytj2n74_jwlj_p0xk9m0000gn/T//cc4pNa3p.s:336    .text.HAL_ADC_MspDeInit:00000028 $d
/var/folders/rj/9n9dpytj2n74_jwlj_p0xk9m0000gn/T//cc4pNa3p.s:345    .bss.hadc1:00000000 $d

UNDEFINED SYMBOLS
HAL_ADC_Init
HAL_ADC_ConfigChannel
Error_Handler
HAL_GPIO_Init
HAL_GPIO_DeInit
