ARM GAS  /var/folders/rj/9n9dpytj2n74_jwlj_p0xk9m0000gn/T//cczoRwAh.s 			page 1


   1              		.cpu cortex-m4
   2              		.arch armv7e-m
   3              		.fpu fpv4-sp-d16
   4              		.eabi_attribute 27, 1
   5              		.eabi_attribute 28, 1
   6              		.eabi_attribute 20, 1
   7              		.eabi_attribute 21, 1
   8              		.eabi_attribute 23, 3
   9              		.eabi_attribute 24, 1
  10              		.eabi_attribute 25, 1
  11              		.eabi_attribute 26, 1
  12              		.eabi_attribute 30, 1
  13              		.eabi_attribute 34, 1
  14              		.eabi_attribute 18, 4
  15              		.file	"salinity.c"
  16              		.text
  17              	.Ltext0:
  18              		.cfi_sections	.debug_frame
  19              		.file 1 "Core/Src/salinity.c"
  20              		.global	__aeabi_ddiv
  21              		.global	__aeabi_dmul
  22              		.global	__aeabi_dadd
  23              		.global	__aeabi_dsub
  24              		.section	.text.calculate_salinity,"ax",%progbits
  25              		.align	1
  26              		.global	calculate_salinity
  27              		.syntax unified
  28              		.thumb
  29              		.thumb_func
  31              	calculate_salinity:
  32              	.LVL0:
  33              	.LFB220:
   1:Core/Src/salinity.c **** /* Includes ------------------------------------------------------------------*/
   2:Core/Src/salinity.c **** #include "salinity.h"
   3:Core/Src/salinity.c **** /* Private variables ---------------------------------------------------------*/
   4:Core/Src/salinity.c **** 
   5:Core/Src/salinity.c **** /* Private user code ---------------------------------------------------------*/
   6:Core/Src/salinity.c **** 
   7:Core/Src/salinity.c **** double calculate_salinity(double conductivity, double temperature, double pressure, double standard
   8:Core/Src/salinity.c **** {
  34              		.loc 1 8 1 view -0
  35              		.cfi_startproc
  36              		@ args = 0, pretend = 0, frame = 8
  37              		@ frame_needed = 0, uses_anonymous_args = 0
  38              		.loc 1 8 1 is_stmt 0 view .LVU1
  39 0000 2DE9F04F 		push	{r4, r5, r6, r7, r8, r9, r10, fp, lr}
  40              		.cfi_def_cfa_offset 36
  41              		.cfi_offset 4, -36
  42              		.cfi_offset 5, -32
  43              		.cfi_offset 6, -28
  44              		.cfi_offset 7, -24
  45              		.cfi_offset 8, -20
  46              		.cfi_offset 9, -16
  47              		.cfi_offset 10, -12
  48              		.cfi_offset 11, -8
  49              		.cfi_offset 14, -4
  50 0004 2DED068B 		vpush.64	{d8, d9, d10}
ARM GAS  /var/folders/rj/9n9dpytj2n74_jwlj_p0xk9m0000gn/T//cczoRwAh.s 			page 2


  51              		.cfi_def_cfa_offset 60
  52              		.cfi_offset 80, -60
  53              		.cfi_offset 81, -56
  54              		.cfi_offset 82, -52
  55              		.cfi_offset 83, -48
  56              		.cfi_offset 84, -44
  57              		.cfi_offset 85, -40
  58 0008 83B0     		sub	sp, sp, #12
  59              		.cfi_def_cfa_offset 72
  60 000a 51EC100B 		vmov	r0, r1, d0
  61 000e 55EC114B 		vmov	r4, r5, d1
  62 0012 57EC126B 		vmov	r6, r7, d2
  63 0016 53EC132B 		vmov	r2, r3, d3
   9:Core/Src/salinity.c ****     double R = conductivity / standard_conductivity;
  64              		.loc 1 9 5 is_stmt 1 view .LVU2
  65              		.loc 1 9 12 is_stmt 0 view .LVU3
  66 001a FFF7FEFF 		bl	__aeabi_ddiv
  67              	.LVL1:
  68              		.loc 1 9 12 view .LVU4
  69 001e 8246     		mov	r10, r0
  70 0020 8B46     		mov	fp, r1
  71              	.LVL2:
  10:Core/Src/salinity.c ****     double r_t = CONST_C_0 + CONST_C_1 * temperature + CONST_C_2 * temperature * temperature + CONS
  72              		.loc 1 10 5 is_stmt 1 view .LVU5
  73              		.loc 1 10 40 is_stmt 0 view .LVU6
  74 0022 0FF24C43 		adr	r3, .L3+160
  75 0026 D3E90023 		ldrd	r2, [r3]
  76 002a 2046     		mov	r0, r4
  77 002c 2946     		mov	r1, r5
  78 002e FFF7FEFF 		bl	__aeabi_dmul
  79              	.LVL3:
  80              		.loc 1 10 28 view .LVU7
  81 0032 0FF24443 		adr	r3, .L3+168
  82 0036 D3E90023 		ldrd	r2, [r3]
  83 003a FFF7FEFF 		bl	__aeabi_dadd
  84              	.LVL4:
  85 003e 8046     		mov	r8, r0
  86 0040 8946     		mov	r9, r1
  87              		.loc 1 10 66 view .LVU8
  88 0042 0FF23C43 		adr	r3, .L3+176
  89 0046 D3E90023 		ldrd	r2, [r3]
  90 004a 2046     		mov	r0, r4
  91 004c 2946     		mov	r1, r5
  92 004e FFF7FEFF 		bl	__aeabi_dmul
  93              	.LVL5:
  94              		.loc 1 10 80 view .LVU9
  95 0052 2246     		mov	r2, r4
  96 0054 2B46     		mov	r3, r5
  97 0056 FFF7FEFF 		bl	__aeabi_dmul
  98              	.LVL6:
  99 005a 0246     		mov	r2, r0
 100 005c 0B46     		mov	r3, r1
 101              		.loc 1 10 54 view .LVU10
 102 005e 4046     		mov	r0, r8
 103 0060 4946     		mov	r1, r9
 104 0062 FFF7FEFF 		bl	__aeabi_dadd
 105              	.LVL7:
ARM GAS  /var/folders/rj/9n9dpytj2n74_jwlj_p0xk9m0000gn/T//cczoRwAh.s 			page 3


 106 0066 8046     		mov	r8, r0
 107 0068 8946     		mov	r9, r1
 108              		.loc 1 10 106 view .LVU11
 109 006a 0FF21C43 		adr	r3, .L3+184
 110 006e D3E90023 		ldrd	r2, [r3]
 111 0072 2046     		mov	r0, r4
 112 0074 2946     		mov	r1, r5
 113 0076 FFF7FEFF 		bl	__aeabi_dmul
 114              	.LVL8:
 115              		.loc 1 10 120 view .LVU12
 116 007a 2246     		mov	r2, r4
 117 007c 2B46     		mov	r3, r5
 118 007e FFF7FEFF 		bl	__aeabi_dmul
 119              	.LVL9:
 120              		.loc 1 10 134 view .LVU13
 121 0082 2246     		mov	r2, r4
 122 0084 2B46     		mov	r3, r5
 123 0086 FFF7FEFF 		bl	__aeabi_dmul
 124              	.LVL10:
 125 008a 0246     		mov	r2, r0
 126 008c 0B46     		mov	r3, r1
 127              		.loc 1 10 94 view .LVU14
 128 008e 4046     		mov	r0, r8
 129 0090 4946     		mov	r1, r9
 130 0092 FFF7FEFF 		bl	__aeabi_dadd
 131              	.LVL11:
 132 0096 8046     		mov	r8, r0
 133 0098 8946     		mov	r9, r1
 134              		.loc 1 10 160 view .LVU15
 135 009a FDA3     		adr	r3, .L3+192
 136 009c D3E90023 		ldrd	r2, [r3]
 137 00a0 2046     		mov	r0, r4
 138 00a2 2946     		mov	r1, r5
 139 00a4 FFF7FEFF 		bl	__aeabi_dmul
 140              	.LVL12:
 141              		.loc 1 10 174 view .LVU16
 142 00a8 2246     		mov	r2, r4
 143 00aa 2B46     		mov	r3, r5
 144 00ac FFF7FEFF 		bl	__aeabi_dmul
 145              	.LVL13:
 146              		.loc 1 10 188 view .LVU17
 147 00b0 2246     		mov	r2, r4
 148 00b2 2B46     		mov	r3, r5
 149 00b4 FFF7FEFF 		bl	__aeabi_dmul
 150              	.LVL14:
 151              		.loc 1 10 202 view .LVU18
 152 00b8 2246     		mov	r2, r4
 153 00ba 2B46     		mov	r3, r5
 154 00bc FFF7FEFF 		bl	__aeabi_dmul
 155              	.LVL15:
 156 00c0 0246     		mov	r2, r0
 157 00c2 0B46     		mov	r3, r1
 158              		.loc 1 10 12 view .LVU19
 159 00c4 4046     		mov	r0, r8
 160 00c6 4946     		mov	r1, r9
 161 00c8 FFF7FEFF 		bl	__aeabi_dadd
 162              	.LVL16:
ARM GAS  /var/folders/rj/9n9dpytj2n74_jwlj_p0xk9m0000gn/T//cczoRwAh.s 			page 4


 163 00cc CDE90001 		strd	r0, [sp]
 164              	.LVL17:
  11:Core/Src/salinity.c ****     double R_p = 1 + (CONST_E_1 * pressure + CONST_E_2 * pressure * pressure + CONST_E_3 * pressure
 165              		.loc 1 11 5 is_stmt 1 view .LVU20
 166              		.loc 1 11 33 is_stmt 0 view .LVU21
 167 00d0 F1A3     		adr	r3, .L3+200
 168 00d2 D3E90023 		ldrd	r2, [r3]
 169 00d6 3046     		mov	r0, r6
 170              	.LVL18:
 171              		.loc 1 11 33 view .LVU22
 172 00d8 3946     		mov	r1, r7
 173 00da FFF7FEFF 		bl	__aeabi_dmul
 174              	.LVL19:
 175 00de 8046     		mov	r8, r0
 176 00e0 8946     		mov	r9, r1
 177              		.loc 1 11 56 view .LVU23
 178 00e2 EFA3     		adr	r3, .L3+208
 179 00e4 D3E90023 		ldrd	r2, [r3]
 180 00e8 3046     		mov	r0, r6
 181 00ea 3946     		mov	r1, r7
 182 00ec FFF7FEFF 		bl	__aeabi_dmul
 183              	.LVL20:
 184              		.loc 1 11 67 view .LVU24
 185 00f0 3246     		mov	r2, r6
 186 00f2 3B46     		mov	r3, r7
 187 00f4 FFF7FEFF 		bl	__aeabi_dmul
 188              	.LVL21:
 189 00f8 0246     		mov	r2, r0
 190 00fa 0B46     		mov	r3, r1
 191              		.loc 1 11 44 view .LVU25
 192 00fc 4046     		mov	r0, r8
 193 00fe 4946     		mov	r1, r9
 194 0100 FFF7FEFF 		bl	__aeabi_dadd
 195              	.LVL22:
 196 0104 8046     		mov	r8, r0
 197 0106 8946     		mov	r9, r1
 198              		.loc 1 11 90 view .LVU26
 199 0108 E7A3     		adr	r3, .L3+216
 200 010a D3E90023 		ldrd	r2, [r3]
 201 010e 3046     		mov	r0, r6
 202 0110 3946     		mov	r1, r7
 203 0112 FFF7FEFF 		bl	__aeabi_dmul
 204              	.LVL23:
 205              		.loc 1 11 101 view .LVU27
 206 0116 3246     		mov	r2, r6
 207 0118 3B46     		mov	r3, r7
 208 011a FFF7FEFF 		bl	__aeabi_dmul
 209              	.LVL24:
 210              		.loc 1 11 112 view .LVU28
 211 011e 3246     		mov	r2, r6
 212 0120 3B46     		mov	r3, r7
 213 0122 FFF7FEFF 		bl	__aeabi_dmul
 214              	.LVL25:
 215 0126 0246     		mov	r2, r0
 216 0128 0B46     		mov	r3, r1
 217              		.loc 1 11 78 view .LVU29
 218 012a 4046     		mov	r0, r8
ARM GAS  /var/folders/rj/9n9dpytj2n74_jwlj_p0xk9m0000gn/T//cczoRwAh.s 			page 5


 219 012c 4946     		mov	r1, r9
 220 012e FFF7FEFF 		bl	__aeabi_dadd
 221              	.LVL26:
 222 0132 0646     		mov	r6, r0
 223              	.LVL27:
 224              		.loc 1 11 78 view .LVU30
 225 0134 0F46     		mov	r7, r1
 226              		.loc 1 11 141 view .LVU31
 227 0136 DEA3     		adr	r3, .L3+224
 228 0138 D3E90023 		ldrd	r2, [r3]
 229 013c 2046     		mov	r0, r4
 230 013e 2946     		mov	r1, r5
 231 0140 FFF7FEFF 		bl	__aeabi_dmul
 232              	.LVL28:
 233              		.loc 1 11 129 view .LVU32
 234 0144 0022     		movs	r2, #0
 235 0146 C84B     		ldr	r3, .L3+152
 236 0148 FFF7FEFF 		bl	__aeabi_dadd
 237              	.LVL29:
 238 014c 8046     		mov	r8, r0
 239 014e 8946     		mov	r9, r1
 240              		.loc 1 11 167 view .LVU33
 241 0150 9FA3     		adr	r3, .L3
 242 0152 D3E90023 		ldrd	r2, [r3]
 243 0156 2046     		mov	r0, r4
 244 0158 2946     		mov	r1, r5
 245 015a FFF7FEFF 		bl	__aeabi_dmul
 246              	.LVL30:
 247              		.loc 1 11 181 view .LVU34
 248 015e 2246     		mov	r2, r4
 249 0160 2B46     		mov	r3, r5
 250 0162 FFF7FEFF 		bl	__aeabi_dmul
 251              	.LVL31:
 252 0166 0246     		mov	r2, r0
 253 0168 0B46     		mov	r3, r1
 254              		.loc 1 11 155 view .LVU35
 255 016a 4046     		mov	r0, r8
 256 016c 4946     		mov	r1, r9
 257 016e FFF7FEFF 		bl	__aeabi_dadd
 258              	.LVL32:
 259 0172 8046     		mov	r8, r0
 260 0174 8946     		mov	r9, r1
 261              		.loc 1 11 224 view .LVU36
 262 0176 98A3     		adr	r3, .L3+8
 263 0178 D3E90023 		ldrd	r2, [r3]
 264 017c 2046     		mov	r0, r4
 265 017e 2946     		mov	r1, r5
 266 0180 FFF7FEFF 		bl	__aeabi_dmul
 267              	.LVL33:
 268              		.loc 1 11 212 view .LVU37
 269 0184 96A3     		adr	r3, .L3+16
 270 0186 D3E90023 		ldrd	r2, [r3]
 271 018a FFF7FEFF 		bl	__aeabi_dsub
 272              	.LVL34:
 273              		.loc 1 11 199 view .LVU38
 274 018e 5246     		mov	r2, r10
 275 0190 5B46     		mov	r3, fp
ARM GAS  /var/folders/rj/9n9dpytj2n74_jwlj_p0xk9m0000gn/T//cczoRwAh.s 			page 6


 276 0192 FFF7FEFF 		bl	__aeabi_dmul
 277              	.LVL35:
 278 0196 0246     		mov	r2, r0
 279 0198 0B46     		mov	r3, r1
 280              		.loc 1 11 195 view .LVU39
 281 019a 4046     		mov	r0, r8
 282 019c 4946     		mov	r1, r9
 283 019e FFF7FEFF 		bl	__aeabi_dadd
 284              	.LVL36:
 285 01a2 0246     		mov	r2, r0
 286 01a4 0B46     		mov	r3, r1
 287              		.loc 1 11 124 view .LVU40
 288 01a6 3046     		mov	r0, r6
 289 01a8 3946     		mov	r1, r7
 290 01aa FFF7FEFF 		bl	__aeabi_ddiv
 291              	.LVL37:
 292              		.loc 1 11 12 view .LVU41
 293 01ae 0022     		movs	r2, #0
 294 01b0 AD4B     		ldr	r3, .L3+152
 295 01b2 FFF7FEFF 		bl	__aeabi_dadd
 296              	.LVL38:
 297 01b6 0246     		mov	r2, r0
 298 01b8 0B46     		mov	r3, r1
 299              	.LVL39:
  12:Core/Src/salinity.c ****     double R_t = R / (R_p * r_t);
 300              		.loc 1 12 5 is_stmt 1 view .LVU42
 301              		.loc 1 12 27 is_stmt 0 view .LVU43
 302 01ba DDE90001 		ldrd	r0, [sp]
 303 01be FFF7FEFF 		bl	__aeabi_dmul
 304              	.LVL40:
 305              		.loc 1 12 27 view .LVU44
 306 01c2 0246     		mov	r2, r0
 307 01c4 0B46     		mov	r3, r1
 308              		.loc 1 12 12 view .LVU45
 309 01c6 5046     		mov	r0, r10
 310 01c8 5946     		mov	r1, fp
 311 01ca FFF7FEFF 		bl	__aeabi_ddiv
 312              	.LVL41:
 313 01ce 8246     		mov	r10, r0
 314              	.LVL42:
 315              		.loc 1 12 12 view .LVU46
 316 01d0 8B46     		mov	fp, r1
 317              	.LVL43:
  13:Core/Src/salinity.c ****     return CONST_A_0 + CONST_A_1 * pow(R_t, 0.5) + CONST_A_2 * R_t + CONST_A_3 * pow(R_t, 1.5) + CO
 318              		.loc 1 13 5 is_stmt 1 view .LVU47
 319              		.loc 1 13 36 is_stmt 0 view .LVU48
 320 01d2 9FED85AB 		vldr.64	d10, .L3+24
 321 01d6 B0EE4A1A 		vmov.f32	s2, s20
 322 01da F0EE6A1A 		vmov.f32	s3, s21
 323 01de 4BEC10AB 		vmov	d0, r10, fp
 324 01e2 FFF7FEFF 		bl	pow
 325              	.LVL44:
 326 01e6 51EC100B 		vmov	r0, r1, d0
 327              		.loc 1 13 34 discriminator 1 view .LVU49
 328 01ea 81A3     		adr	r3, .L3+32
 329 01ec D3E90023 		ldrd	r2, [r3]
 330 01f0 FFF7FEFF 		bl	__aeabi_dmul
ARM GAS  /var/folders/rj/9n9dpytj2n74_jwlj_p0xk9m0000gn/T//cczoRwAh.s 			page 7


 331              	.LVL45:
 332              		.loc 1 13 22 discriminator 1 view .LVU50
 333 01f4 80A3     		adr	r3, .L3+40
 334 01f6 D3E90023 		ldrd	r2, [r3]
 335 01fa FFF7FEFF 		bl	__aeabi_dadd
 336              	.LVL46:
 337 01fe 0646     		mov	r6, r0
 338 0200 0F46     		mov	r7, r1
 339              		.loc 1 13 62 discriminator 1 view .LVU51
 340 0202 7FA3     		adr	r3, .L3+48
 341 0204 D3E90023 		ldrd	r2, [r3]
 342 0208 5046     		mov	r0, r10
 343 020a 5946     		mov	r1, fp
 344 020c FFF7FEFF 		bl	__aeabi_dmul
 345              	.LVL47:
 346 0210 0246     		mov	r2, r0
 347 0212 0B46     		mov	r3, r1
 348              		.loc 1 13 50 discriminator 1 view .LVU52
 349 0214 3046     		mov	r0, r6
 350 0216 3946     		mov	r1, r7
 351 0218 FFF7FEFF 		bl	__aeabi_dadd
 352              	.LVL48:
 353 021c 0646     		mov	r6, r0
 354 021e 0F46     		mov	r7, r1
 355              		.loc 1 13 82 discriminator 1 view .LVU53
 356 0220 9FED799B 		vldr.64	d9, .L3+56
 357 0224 B0EE491A 		vmov.f32	s2, s18
 358 0228 F0EE691A 		vmov.f32	s3, s19
 359 022c 4BEC10AB 		vmov	d0, r10, fp
 360 0230 FFF7FEFF 		bl	pow
 361              	.LVL49:
 362 0234 51EC100B 		vmov	r0, r1, d0
 363              		.loc 1 13 80 discriminator 2 view .LVU54
 364 0238 75A3     		adr	r3, .L3+64
 365 023a D3E90023 		ldrd	r2, [r3]
 366 023e FFF7FEFF 		bl	__aeabi_dmul
 367              	.LVL50:
 368 0242 0246     		mov	r2, r0
 369 0244 0B46     		mov	r3, r1
 370              		.loc 1 13 68 discriminator 2 view .LVU55
 371 0246 3046     		mov	r0, r6
 372 0248 3946     		mov	r1, r7
 373 024a FFF7FEFF 		bl	__aeabi_dadd
 374              	.LVL51:
 375 024e 0646     		mov	r6, r0
 376 0250 0F46     		mov	r7, r1
 377              		.loc 1 13 108 discriminator 2 view .LVU56
 378 0252 71A3     		adr	r3, .L3+72
 379 0254 D3E90023 		ldrd	r2, [r3]
 380 0258 5046     		mov	r0, r10
 381 025a 5946     		mov	r1, fp
 382 025c FFF7FEFF 		bl	__aeabi_dmul
 383              	.LVL52:
 384              		.loc 1 13 114 discriminator 2 view .LVU57
 385 0260 5246     		mov	r2, r10
 386 0262 5B46     		mov	r3, fp
 387 0264 FFF7FEFF 		bl	__aeabi_dmul
ARM GAS  /var/folders/rj/9n9dpytj2n74_jwlj_p0xk9m0000gn/T//cczoRwAh.s 			page 8


 388              	.LVL53:
 389 0268 0246     		mov	r2, r0
 390 026a 0B46     		mov	r3, r1
 391              		.loc 1 13 96 discriminator 2 view .LVU58
 392 026c 3046     		mov	r0, r6
 393 026e 3946     		mov	r1, r7
 394 0270 FFF7FEFF 		bl	__aeabi_dadd
 395              	.LVL54:
 396 0274 0646     		mov	r6, r0
 397 0276 0F46     		mov	r7, r1
 398              		.loc 1 13 134 discriminator 2 view .LVU59
 399 0278 9FED698B 		vldr.64	d8, .L3+80
 400 027c B0EE481A 		vmov.f32	s2, s16
 401 0280 F0EE681A 		vmov.f32	s3, s17
 402 0284 4BEC10AB 		vmov	d0, r10, fp
 403 0288 FFF7FEFF 		bl	pow
 404              	.LVL55:
 405 028c 51EC100B 		vmov	r0, r1, d0
 406              		.loc 1 13 132 discriminator 3 view .LVU60
 407 0290 65A3     		adr	r3, .L3+88
 408 0292 D3E90023 		ldrd	r2, [r3]
 409 0296 FFF7FEFF 		bl	__aeabi_dmul
 410              	.LVL56:
 411 029a 0246     		mov	r2, r0
 412 029c 0B46     		mov	r3, r1
 413              		.loc 1 13 120 discriminator 3 view .LVU61
 414 029e 3046     		mov	r0, r6
 415 02a0 3946     		mov	r1, r7
 416 02a2 FFF7FEFF 		bl	__aeabi_dadd
 417              	.LVL57:
 418 02a6 0646     		mov	r6, r0
 419 02a8 0F46     		mov	r7, r1
 420              		.loc 1 13 163 discriminator 3 view .LVU62
 421 02aa 0022     		movs	r2, #0
 422 02ac 6F4B     		ldr	r3, .L3+156
 423 02ae 2046     		mov	r0, r4
 424 02b0 2946     		mov	r1, r5
 425 02b2 FFF7FEFF 		bl	__aeabi_dsub
 426              	.LVL58:
 427 02b6 0446     		mov	r4, r0
 428              	.LVL59:
 429              		.loc 1 13 163 discriminator 3 view .LVU63
 430 02b8 0D46     		mov	r5, r1
 431              		.loc 1 13 184 discriminator 3 view .LVU64
 432 02ba 5DA3     		adr	r3, .L3+96
 433 02bc D3E90023 		ldrd	r2, [r3]
 434 02c0 FFF7FEFF 		bl	__aeabi_dmul
 435              	.LVL60:
 436              		.loc 1 13 174 discriminator 3 view .LVU65
 437 02c4 0022     		movs	r2, #0
 438 02c6 684B     		ldr	r3, .L3+152
 439 02c8 FFF7FEFF 		bl	__aeabi_dadd
 440              	.LVL61:
 441 02cc 0246     		mov	r2, r0
 442 02ce 0B46     		mov	r3, r1
 443              		.loc 1 13 169 discriminator 3 view .LVU66
 444 02d0 2046     		mov	r0, r4
ARM GAS  /var/folders/rj/9n9dpytj2n74_jwlj_p0xk9m0000gn/T//cczoRwAh.s 			page 9


 445 02d2 2946     		mov	r1, r5
 446 02d4 FFF7FEFF 		bl	__aeabi_ddiv
 447              	.LVL62:
 448 02d8 0446     		mov	r4, r0
 449 02da 0D46     		mov	r5, r1
 450              		.loc 1 13 233 discriminator 3 view .LVU67
 451 02dc B0EE4A1A 		vmov.f32	s2, s20
 452 02e0 F0EE6A1A 		vmov.f32	s3, s21
 453 02e4 4BEC10AB 		vmov	d0, r10, fp
 454 02e8 FFF7FEFF 		bl	pow
 455              	.LVL63:
 456 02ec 51EC100B 		vmov	r0, r1, d0
 457              		.loc 1 13 231 discriminator 4 view .LVU68
 458 02f0 51A3     		adr	r3, .L3+104
 459 02f2 D3E90023 		ldrd	r2, [r3]
 460 02f6 FFF7FEFF 		bl	__aeabi_dmul
 461              	.LVL64:
 462              		.loc 1 13 219 discriminator 4 view .LVU69
 463 02fa 51A3     		adr	r3, .L3+112
 464 02fc D3E90023 		ldrd	r2, [r3]
 465 0300 FFF7FEFF 		bl	__aeabi_dadd
 466              	.LVL65:
 467 0304 8046     		mov	r8, r0
 468 0306 8946     		mov	r9, r1
 469              		.loc 1 13 259 discriminator 4 view .LVU70
 470 0308 4FA3     		adr	r3, .L3+120
 471 030a D3E90023 		ldrd	r2, [r3]
 472 030e 5046     		mov	r0, r10
 473 0310 5946     		mov	r1, fp
 474 0312 FFF7FEFF 		bl	__aeabi_dmul
 475              	.LVL66:
 476 0316 0246     		mov	r2, r0
 477 0318 0B46     		mov	r3, r1
 478              		.loc 1 13 247 discriminator 4 view .LVU71
 479 031a 4046     		mov	r0, r8
 480 031c 4946     		mov	r1, r9
 481 031e FFF7FEFF 		bl	__aeabi_dadd
 482              	.LVL67:
 483 0322 8046     		mov	r8, r0
 484 0324 8946     		mov	r9, r1
 485              		.loc 1 13 279 discriminator 4 view .LVU72
 486 0326 B0EE491A 		vmov.f32	s2, s18
 487 032a F0EE691A 		vmov.f32	s3, s19
 488 032e 4BEC10AB 		vmov	d0, r10, fp
 489 0332 FFF7FEFF 		bl	pow
 490              	.LVL68:
 491 0336 51EC100B 		vmov	r0, r1, d0
 492              		.loc 1 13 277 discriminator 5 view .LVU73
 493 033a 45A3     		adr	r3, .L3+128
 494 033c D3E90023 		ldrd	r2, [r3]
 495 0340 FFF7FEFF 		bl	__aeabi_dmul
 496              	.LVL69:
 497 0344 0246     		mov	r2, r0
 498 0346 0B46     		mov	r3, r1
 499              		.loc 1 13 265 discriminator 5 view .LVU74
 500 0348 4046     		mov	r0, r8
 501 034a 4946     		mov	r1, r9
ARM GAS  /var/folders/rj/9n9dpytj2n74_jwlj_p0xk9m0000gn/T//cczoRwAh.s 			page 10


 502 034c FFF7FEFF 		bl	__aeabi_dadd
 503              	.LVL70:
 504 0350 8046     		mov	r8, r0
 505 0352 8946     		mov	r9, r1
 506              		.loc 1 13 305 discriminator 5 view .LVU75
 507 0354 40A3     		adr	r3, .L3+136
 508 0356 D3E90023 		ldrd	r2, [r3]
 509 035a 5046     		mov	r0, r10
 510 035c 5946     		mov	r1, fp
 511 035e FFF7FEFF 		bl	__aeabi_dmul
 512              	.LVL71:
 513              		.loc 1 13 311 discriminator 5 view .LVU76
 514 0362 5246     		mov	r2, r10
 515 0364 5B46     		mov	r3, fp
 516 0366 FFF7FEFF 		bl	__aeabi_dmul
 517              	.LVL72:
 518 036a 0246     		mov	r2, r0
 519 036c 0B46     		mov	r3, r1
 520              		.loc 1 13 293 discriminator 5 view .LVU77
 521 036e 4046     		mov	r0, r8
 522 0370 4946     		mov	r1, r9
 523 0372 FFF7FEFF 		bl	__aeabi_dadd
 524              	.LVL73:
 525 0376 8046     		mov	r8, r0
 526 0378 8946     		mov	r9, r1
 527              		.loc 1 13 331 discriminator 5 view .LVU78
 528 037a B0EE481A 		vmov.f32	s2, s16
 529 037e F0EE681A 		vmov.f32	s3, s17
 530 0382 4BEC10AB 		vmov	d0, r10, fp
 531 0386 FFF7FEFF 		bl	pow
 532              	.LVL74:
 533 038a 51EC100B 		vmov	r0, r1, d0
 534              		.loc 1 13 329 discriminator 6 view .LVU79
 535 038e 34A3     		adr	r3, .L3+144
 536 0390 D3E90023 		ldrd	r2, [r3]
 537 0394 FFF7FEFF 		bl	__aeabi_dmul
 538              	.LVL75:
 539 0398 0246     		mov	r2, r0
 540 039a 0B46     		mov	r3, r1
 541              		.loc 1 13 317 discriminator 6 view .LVU80
 542 039c 4046     		mov	r0, r8
 543 039e 4946     		mov	r1, r9
 544 03a0 FFF7FEFF 		bl	__aeabi_dadd
 545              	.LVL76:
 546 03a4 0246     		mov	r2, r0
 547 03a6 0B46     		mov	r3, r1
 548              		.loc 1 13 206 discriminator 6 view .LVU81
 549 03a8 2046     		mov	r0, r4
 550 03aa 2946     		mov	r1, r5
 551 03ac FFF7FEFF 		bl	__aeabi_dmul
 552              	.LVL77:
 553 03b0 0246     		mov	r2, r0
 554 03b2 0B46     		mov	r3, r1
 555              		.loc 1 13 148 discriminator 6 view .LVU82
 556 03b4 3046     		mov	r0, r6
 557 03b6 3946     		mov	r1, r7
 558 03b8 FFF7FEFF 		bl	__aeabi_dadd
ARM GAS  /var/folders/rj/9n9dpytj2n74_jwlj_p0xk9m0000gn/T//cczoRwAh.s 			page 11


 559              	.LVL78:
  14:Core/Src/salinity.c **** }
 560              		.loc 1 14 1 view .LVU83
 561 03bc 41EC100B 		vmov	d0, r0, r1
 562 03c0 03B0     		add	sp, sp, #12
 563              		.cfi_def_cfa_offset 60
 564              	.LVL79:
 565              		.loc 1 14 1 view .LVU84
 566              		@ sp needed
 567 03c2 BDEC068B 		vldm	sp!, {d8-d10}
 568              		.cfi_restore 84
 569              		.cfi_restore 85
 570              		.cfi_restore 82
 571              		.cfi_restore 83
 572              		.cfi_restore 80
 573              		.cfi_restore 81
 574              		.cfi_def_cfa_offset 36
 575 03c6 BDE8F08F 		pop	{r4, r5, r6, r7, r8, r9, r10, fp, pc}
 576              	.LVL80:
 577              	.L4:
 578              		.loc 1 14 1 view .LVU85
 579 03ca 00BFAFF3 		.align	3
 579      0080
 580              	.L3:
 581 03d0 08A3A366 		.word	1722000136
 582 03d4 59413D3F 		.word	1060979033
 583 03d8 430070EC 		.word	-328204221
 584 03dc D97369BF 		.word	-1083608103
 585 03e0 A4367172 		.word	1920022180
 586 03e4 BF43713F 		.word	1064387519
 587 03e8 00000000 		.word	0
 588 03ec 0000E03F 		.word	1071644672
 589 03f0 7FD93D79 		.word	2034096511
 590 03f4 58A8C5BF 		.word	-1077565352
 591 03f8 FCA9F1D2 		.word	-755914244
 592 03fc 4D62803F 		.word	1065378381
 593 0400 8AB0E1E9 		.word	-371085174
 594 0404 95623940 		.word	1077502613
 595 0408 00000000 		.word	0
 596 040c 0000F83F 		.word	1073217536
 597 0410 711B0DE0 		.word	-536011919
 598 0414 2D302C40 		.word	1076637741
 599 0418 D0B359F5 		.word	-178670640
 600 041c B91A1CC0 		.word	-1071899975
 601 0420 00000000 		.word	0
 602 0424 00000440 		.word	1074003968
 603 0428 7C613255 		.word	1429365116
 604 042c 30AA0540 		.word	1074113072
 605 0430 82E2C798 		.word	-1731730814
 606 0434 BB96903F 		.word	1066440379
 607 0438 C7BAB88D 		.word	-1917273401
 608 043c 06F076BF 		.word	-1082724346
 609 0440 FCA9F1D2 		.word	-755914244
 610 0444 4D62403F 		.word	1061184077
 611 0448 46257502 		.word	41231686
 612 044c 9A087BBF 		.word	-1082455910
 613 0450 33333333 		.word	858993459
ARM GAS  /var/folders/rj/9n9dpytj2n74_jwlj_p0xk9m0000gn/T//cczoRwAh.s 			page 12


 614 0454 3333A3BF 		.word	-1079823565
 615 0458 B98D06F0 		.word	-268005959
 616 045c 1648B03F 		.word	1068517398
 617 0460 92CB7F48 		.word	1216334738
 618 0464 BF7D8DBF 		.word	-1081246273
 619 0468 0000F03F 		.word	1072693248
 620 046c 00002E40 		.word	1076756480
 621 0470 674E4D38 		.word	944590439
 622 0474 AA89943F 		.word	1066699178
 623 0478 FE00B562 		.word	1656029438
 624 047c C9A6E53F 		.word	1072015049
 625 0480 4E033B84 		.word	-2076507314
 626 0484 8EF21C3F 		.word	1058861710
 627 0488 2B1C893A 		.word	982064171
 628 048c 0363A7BE 		.word	-1096326397
 629 0490 2A5A5132 		.word	844192298
 630 0494 AE3B113E 		.word	1041316782
 631 0498 BB911E2B 		.word	723423675
 632 049c 9DB4F53E 		.word	1056289949
 633 04a0 A487059A 		.word	-1710913628
 634 04a4 E35B3BBE 		.word	-1103406109
 635 04a8 871567FE 		.word	-26798713
 636 04ac 00F7F13C 		.word	1022490368
 637 04b0 26361FD7 		.word	-685820378
 638 04b4 868AA13F 		.word	1067551366
 639              		.cfi_endproc
 640              	.LFE220:
 642              		.global	__aeabi_i2d
 643              		.section	.text.calculate_average_resistance,"ax",%progbits
 644              		.align	1
 645              		.global	calculate_average_resistance
 646              		.syntax unified
 647              		.thumb
 648              		.thumb_func
 650              	calculate_average_resistance:
 651              	.LVL81:
 652              	.LFB222:
  15:Core/Src/salinity.c **** 
  16:Core/Src/salinity.c **** double calculate_conductivity(Electrode_Type electrode, ResistanceSample_TypeDef *samples, uint16_t
  17:Core/Src/salinity.c **** {
  18:Core/Src/salinity.c ****     switch (electrode)
  19:Core/Src/salinity.c ****     {
  20:Core/Src/salinity.c ****     case Ti:
  21:Core/Src/salinity.c ****         // to be implemented
  22:Core/Src/salinity.c ****     case Au:
  23:Core/Src/salinity.c ****     case Au_Shielded:
  24:Core/Src/salinity.c ****         // average resistance
  25:Core/Src/salinity.c ****         double average_resistance = calculate_average_resistance(samples, num_samples);
  26:Core/Src/salinity.c ****         // calcualte resistivity, return conductivity
  27:Core/Src/salinity.c ****         double resistivity = average_resistance * AU_PAD_AREA / AU_PAD_DISTANCE;
  28:Core/Src/salinity.c ****         return 1 / resistivity;
  29:Core/Src/salinity.c ****     default:
  30:Core/Src/salinity.c ****         break;
  31:Core/Src/salinity.c ****     }
  32:Core/Src/salinity.c ****     return 0; // should never reach here
  33:Core/Src/salinity.c **** }
  34:Core/Src/salinity.c **** 
ARM GAS  /var/folders/rj/9n9dpytj2n74_jwlj_p0xk9m0000gn/T//cczoRwAh.s 			page 13


  35:Core/Src/salinity.c **** double calculate_average_resistance(ResistanceSample_TypeDef *samples, uint16_t num_samples)
  36:Core/Src/salinity.c **** {
 653              		.loc 1 36 1 is_stmt 1 view -0
 654              		.cfi_startproc
 655              		@ args = 0, pretend = 0, frame = 0
 656              		@ frame_needed = 0, uses_anonymous_args = 0
 657              		.loc 1 36 1 is_stmt 0 view .LVU87
 658 0000 2DE9F041 		push	{r4, r5, r6, r7, r8, lr}
 659              		.cfi_def_cfa_offset 24
 660              		.cfi_offset 4, -24
 661              		.cfi_offset 5, -20
 662              		.cfi_offset 6, -16
 663              		.cfi_offset 7, -12
 664              		.cfi_offset 8, -8
 665              		.cfi_offset 14, -4
 666 0004 8046     		mov	r8, r0
 667 0006 0D46     		mov	r5, r1
  37:Core/Src/salinity.c ****     double sum = 0;
 668              		.loc 1 37 5 is_stmt 1 view .LVU88
 669              	.LVL82:
  38:Core/Src/salinity.c ****     for (uint16_t i = 0; i < num_samples; i++)
 670              		.loc 1 38 5 view .LVU89
 671              	.LBB2:
 672              		.loc 1 38 10 view .LVU90
 673              		.loc 1 38 19 is_stmt 0 view .LVU91
 674 0008 0024     		movs	r4, #0
 675              	.LBE2:
  37:Core/Src/salinity.c ****     double sum = 0;
 676              		.loc 1 37 12 view .LVU92
 677 000a 0026     		movs	r6, #0
 678 000c 0027     		movs	r7, #0
 679              	.LBB3:
 680              		.loc 1 38 5 view .LVU93
 681 000e 0BE0     		b	.L6
 682              	.LVL83:
 683              	.L7:
  39:Core/Src/salinity.c ****     {
  40:Core/Src/salinity.c ****         sum += samples[i].resistance;
 684              		.loc 1 40 9 is_stmt 1 view .LVU94
 685              		.loc 1 40 23 is_stmt 0 view .LVU95
 686 0010 08EB0413 		add	r3, r8, r4, lsl #4
 687              		.loc 1 40 13 view .LVU96
 688 0014 D3E90223 		ldrd	r2, [r3, #8]
 689 0018 3046     		mov	r0, r6
 690 001a 3946     		mov	r1, r7
 691 001c FFF7FEFF 		bl	__aeabi_dadd
 692              	.LVL84:
 693 0020 0646     		mov	r6, r0
 694              	.LVL85:
 695              		.loc 1 40 13 view .LVU97
 696 0022 0F46     		mov	r7, r1
 697              	.LVL86:
  38:Core/Src/salinity.c ****     for (uint16_t i = 0; i < num_samples; i++)
 698              		.loc 1 38 44 is_stmt 1 discriminator 3 view .LVU98
 699 0024 0134     		adds	r4, r4, #1
 700              	.LVL87:
  38:Core/Src/salinity.c ****     for (uint16_t i = 0; i < num_samples; i++)
ARM GAS  /var/folders/rj/9n9dpytj2n74_jwlj_p0xk9m0000gn/T//cczoRwAh.s 			page 14


 701              		.loc 1 38 44 is_stmt 0 discriminator 3 view .LVU99
 702 0026 A4B2     		uxth	r4, r4
 703              	.LVL88:
 704              	.L6:
  38:Core/Src/salinity.c ****     for (uint16_t i = 0; i < num_samples; i++)
 705              		.loc 1 38 28 is_stmt 1 discriminator 1 view .LVU100
 706 0028 AC42     		cmp	r4, r5
 707 002a F1D3     		bcc	.L7
 708              	.LBE3:
  41:Core/Src/salinity.c ****     }
  42:Core/Src/salinity.c ****     return sum / num_samples;
 709              		.loc 1 42 5 view .LVU101
 710              		.loc 1 42 16 is_stmt 0 view .LVU102
 711 002c 2846     		mov	r0, r5
 712 002e FFF7FEFF 		bl	__aeabi_i2d
 713              	.LVL89:
 714 0032 0246     		mov	r2, r0
 715 0034 0B46     		mov	r3, r1
 716 0036 3046     		mov	r0, r6
 717 0038 3946     		mov	r1, r7
 718 003a FFF7FEFF 		bl	__aeabi_ddiv
 719              	.LVL90:
  43:Core/Src/salinity.c **** }
 720              		.loc 1 43 1 view .LVU103
 721 003e 41EC100B 		vmov	d0, r0, r1
 722 0042 BDE8F081 		pop	{r4, r5, r6, r7, r8, pc}
 723              		.loc 1 43 1 view .LVU104
 724              		.cfi_endproc
 725              	.LFE222:
 727              		.section	.text.calculate_conductivity,"ax",%progbits
 728              		.align	1
 729              		.global	calculate_conductivity
 730              		.syntax unified
 731              		.thumb
 732              		.thumb_func
 734              	calculate_conductivity:
 735              	.LVL91:
 736              	.LFB221:
  17:Core/Src/salinity.c ****     switch (electrode)
 737              		.loc 1 17 1 is_stmt 1 view -0
 738              		.cfi_startproc
 739              		@ args = 0, pretend = 0, frame = 0
 740              		@ frame_needed = 0, uses_anonymous_args = 0
  18:Core/Src/salinity.c ****     {
 741              		.loc 1 18 5 view .LVU106
 742 0000 0228     		cmp	r0, #2
 743 0002 1AD8     		bhi	.L11
  17:Core/Src/salinity.c ****     switch (electrode)
 744              		.loc 1 17 1 is_stmt 0 view .LVU107
 745 0004 08B5     		push	{r3, lr}
 746              		.cfi_def_cfa_offset 8
 747              		.cfi_offset 3, -8
 748              		.cfi_offset 14, -4
 749 0006 0B46     		mov	r3, r1
 750              	.LBB4:
  25:Core/Src/salinity.c ****         // calcualte resistivity, return conductivity
 751              		.loc 1 25 9 is_stmt 1 view .LVU108
ARM GAS  /var/folders/rj/9n9dpytj2n74_jwlj_p0xk9m0000gn/T//cczoRwAh.s 			page 15


  25:Core/Src/salinity.c ****         // calcualte resistivity, return conductivity
 752              		.loc 1 25 37 is_stmt 0 view .LVU109
 753 0008 1146     		mov	r1, r2
 754              	.LVL92:
  25:Core/Src/salinity.c ****         // calcualte resistivity, return conductivity
 755              		.loc 1 25 37 view .LVU110
 756 000a 1846     		mov	r0, r3
 757              	.LVL93:
  25:Core/Src/salinity.c ****         // calcualte resistivity, return conductivity
 758              		.loc 1 25 37 view .LVU111
 759 000c FFF7FEFF 		bl	calculate_average_resistance
 760              	.LVL94:
  25:Core/Src/salinity.c ****         // calcualte resistivity, return conductivity
 761              		.loc 1 25 37 view .LVU112
 762 0010 51EC100B 		vmov	r0, r1, d0
 763              	.LVL95:
  27:Core/Src/salinity.c ****         return 1 / resistivity;
 764              		.loc 1 27 9 is_stmt 1 view .LVU113
  27:Core/Src/salinity.c ****         return 1 / resistivity;
 765              		.loc 1 27 49 is_stmt 0 view .LVU114
 766 0014 0DA3     		adr	r3, .L16+12
 767 0016 D3E90023 		ldrd	r2, [r3]
 768 001a FFF7FEFF 		bl	__aeabi_dmul
 769              	.LVL96:
  27:Core/Src/salinity.c ****         return 1 / resistivity;
 770              		.loc 1 27 16 view .LVU115
 771 001e 0DA3     		adr	r3, .L16+20
 772 0020 D3E90023 		ldrd	r2, [r3]
 773 0024 FFF7FEFF 		bl	__aeabi_ddiv
 774              	.LVL97:
 775 0028 0246     		mov	r2, r0
 776 002a 0B46     		mov	r3, r1
 777              	.LVL98:
  28:Core/Src/salinity.c ****     default:
 778              		.loc 1 28 9 is_stmt 1 view .LVU116
  28:Core/Src/salinity.c ****     default:
 779              		.loc 1 28 18 is_stmt 0 view .LVU117
 780 002c 0020     		movs	r0, #0
 781 002e 0649     		ldr	r1, .L16+8
 782 0030 FFF7FEFF 		bl	__aeabi_ddiv
 783              	.LVL99:
  28:Core/Src/salinity.c ****     default:
 784              		.loc 1 28 18 view .LVU118
 785 0034 41EC100B 		vmov	d0, r0, r1
 786              	.LBE4:
  33:Core/Src/salinity.c **** 
 787              		.loc 1 33 1 view .LVU119
 788 0038 08BD     		pop	{r3, pc}
 789              	.LVL100:
 790              	.L11:
 791              		.cfi_def_cfa_offset 0
 792              		.cfi_restore 3
 793              		.cfi_restore 14
  32:Core/Src/salinity.c **** }
 794              		.loc 1 32 12 view .LVU120
 795 003a 9FED010B 		vldr.64	d0, .L16
  33:Core/Src/salinity.c **** 
ARM GAS  /var/folders/rj/9n9dpytj2n74_jwlj_p0xk9m0000gn/T//cczoRwAh.s 			page 16


 796              		.loc 1 33 1 view .LVU121
 797 003e 7047     		bx	lr
 798              	.L17:
 799              		.align	3
 800              	.L16:
 801 0040 00000000 		.word	0
 802 0044 00000000 		.word	0
 803 0048 0000F03F 		.word	1072693248
 804 004c 2D431CEB 		.word	-350469331
 805 0050 E2363A3F 		.word	1060779746
 806 0054 7B14AE47 		.word	1202590843
 807 0058 E17A843F 		.word	1065646817
 808              		.cfi_endproc
 809              	.LFE221:
 811              		.global	__aeabi_ui2d
 812              		.section	.text.calculate_resistance,"ax",%progbits
 813              		.align	1
 814              		.global	calculate_resistance
 815              		.syntax unified
 816              		.thumb
 817              		.thumb_func
 819              	calculate_resistance:
 820              	.LVL101:
 821              	.LFB223:
  44:Core/Src/salinity.c **** 
  45:Core/Src/salinity.c **** void calculate_resistance(VoltageSample_TypeDef *voltage_samples, ResistanceSample_TypeDef *reistan
  46:Core/Src/salinity.c **** {
 822              		.loc 1 46 1 is_stmt 1 view -0
 823              		.cfi_startproc
 824              		@ args = 0, pretend = 0, frame = 8
 825              		@ frame_needed = 0, uses_anonymous_args = 0
 826              		.loc 1 46 1 is_stmt 0 view .LVU123
 827 0000 2DE9F04F 		push	{r4, r5, r6, r7, r8, r9, r10, fp, lr}
 828              		.cfi_def_cfa_offset 36
 829              		.cfi_offset 4, -36
 830              		.cfi_offset 5, -32
 831              		.cfi_offset 6, -28
 832              		.cfi_offset 7, -24
 833              		.cfi_offset 8, -20
 834              		.cfi_offset 9, -16
 835              		.cfi_offset 10, -12
 836              		.cfi_offset 11, -8
 837              		.cfi_offset 14, -4
 838 0004 83B0     		sub	sp, sp, #12
 839              		.cfi_def_cfa_offset 48
 840 0006 0190     		str	r0, [sp, #4]
 841 0008 0D46     		mov	r5, r1
 842 000a 9346     		mov	fp, r2
  47:Core/Src/salinity.c ****     for (uint16_t i = 0; i < num_samples; i++)
 843              		.loc 1 47 5 is_stmt 1 view .LVU124
 844              	.LBB5:
 845              		.loc 1 47 10 view .LVU125
 846              	.LVL102:
 847              		.loc 1 47 19 is_stmt 0 view .LVU126
 848 000c 0024     		movs	r4, #0
 849              		.loc 1 47 5 view .LVU127
 850 000e 3DE0     		b	.L19
ARM GAS  /var/folders/rj/9n9dpytj2n74_jwlj_p0xk9m0000gn/T//cczoRwAh.s 			page 17


 851              	.LVL103:
 852              	.L20:
 853              	.LBB6:
  48:Core/Src/salinity.c ****     {
  49:Core/Src/salinity.c ****         reistance_samples[i].voltage = voltage_samples[i].dac_output;
 854              		.loc 1 49 9 is_stmt 1 view .LVU128
 855              		.loc 1 49 55 is_stmt 0 view .LVU129
 856 0010 019B     		ldr	r3, [sp, #4]
 857 0012 03EBC408 		add	r8, r3, r4, lsl #3
 858              		.loc 1 49 26 view .LVU130
 859 0016 2301     		lsls	r3, r4, #4
 860 0018 05EB041A 		add	r10, r5, r4, lsl #4
 861              		.loc 1 49 58 view .LVU131
 862 001c B8F80220 		ldrh	r2, [r8, #2]
 863              		.loc 1 49 38 view .LVU132
 864 0020 EA52     		strh	r2, [r5, r3]	@ movhi
  50:Core/Src/salinity.c ****         double rm = (double)voltage_samples[i].measurement / voltage_samples[i].calib * CALIBRATION
 865              		.loc 1 50 9 is_stmt 1 view .LVU133
 866              		.loc 1 50 21 is_stmt 0 view .LVU134
 867 0022 B8F80600 		ldrh	r0, [r8, #6]
 868 0026 FFF7FEFF 		bl	__aeabi_ui2d
 869              	.LVL104:
 870 002a 0646     		mov	r6, r0
 871 002c 0F46     		mov	r7, r1
 872              		.loc 1 50 60 view .LVU135
 873 002e B8F80400 		ldrh	r0, [r8, #4]
 874 0032 FFF7FEFF 		bl	__aeabi_i2d
 875              	.LVL105:
 876 0036 0246     		mov	r2, r0
 877 0038 0B46     		mov	r3, r1
 878 003a 3046     		mov	r0, r6
 879 003c 3946     		mov	r1, r7
 880 003e FFF7FEFF 		bl	__aeabi_ddiv
 881              	.LVL106:
 882              		.loc 1 50 16 view .LVU136
 883 0042 0022     		movs	r2, #0
 884 0044 1A4B     		ldr	r3, .L22+24
 885 0046 FFF7FEFF 		bl	__aeabi_dmul
 886              	.LVL107:
 887 004a 8046     		mov	r8, r0
 888 004c 8946     		mov	r9, r1
 889              	.LVL108:
  51:Core/Src/salinity.c ****         reistance_samples[i].resistance = (CORR_EQN_P2 - CORR_EQN_Q1 * rm)/(rm - CORR_EQN_P1);
 890              		.loc 1 51 9 is_stmt 1 view .LVU137
 891              		.loc 1 51 70 is_stmt 0 view .LVU138
 892 004e 12A3     		adr	r3, .L22
 893 0050 D3E90023 		ldrd	r2, [r3]
 894 0054 FFF7FEFF 		bl	__aeabi_dmul
 895              	.LVL109:
 896 0058 0246     		mov	r2, r0
 897 005a 0B46     		mov	r3, r1
 898              		.loc 1 51 56 view .LVU139
 899 005c 10A1     		adr	r1, .L22+8
 900 005e D1E90001 		ldrd	r0, [r1]
 901 0062 FFF7FEFF 		bl	__aeabi_dsub
 902              	.LVL110:
 903 0066 0646     		mov	r6, r0
ARM GAS  /var/folders/rj/9n9dpytj2n74_jwlj_p0xk9m0000gn/T//cczoRwAh.s 			page 18


 904 0068 0F46     		mov	r7, r1
 905              		.loc 1 51 80 view .LVU140
 906 006a 0FA3     		adr	r3, .L22+16
 907 006c D3E90023 		ldrd	r2, [r3]
 908 0070 4046     		mov	r0, r8
 909 0072 4946     		mov	r1, r9
 910 0074 FFF7FEFF 		bl	__aeabi_dsub
 911              	.LVL111:
 912 0078 0246     		mov	r2, r0
 913 007a 0B46     		mov	r3, r1
 914              		.loc 1 51 75 view .LVU141
 915 007c 3046     		mov	r0, r6
 916 007e 3946     		mov	r1, r7
 917 0080 FFF7FEFF 		bl	__aeabi_ddiv
 918              	.LVL112:
 919              		.loc 1 51 41 view .LVU142
 920 0084 CAE90201 		strd	r0, [r10, #8]
 921              	.LBE6:
  47:Core/Src/salinity.c ****     {
 922              		.loc 1 47 44 is_stmt 1 discriminator 3 view .LVU143
 923 0088 0134     		adds	r4, r4, #1
 924              	.LVL113:
  47:Core/Src/salinity.c ****     {
 925              		.loc 1 47 44 is_stmt 0 discriminator 3 view .LVU144
 926 008a A4B2     		uxth	r4, r4
 927              	.LVL114:
 928              	.L19:
  47:Core/Src/salinity.c ****     {
 929              		.loc 1 47 28 is_stmt 1 discriminator 1 view .LVU145
 930 008c 5C45     		cmp	r4, fp
 931 008e BFD3     		bcc	.L20
 932              	.LBE5:
  52:Core/Src/salinity.c ****     }
  53:Core/Src/salinity.c **** }
 933              		.loc 1 53 1 is_stmt 0 view .LVU146
 934 0090 03B0     		add	sp, sp, #12
 935              		.cfi_def_cfa_offset 36
 936              		@ sp needed
 937 0092 BDE8F08F 		pop	{r4, r5, r6, r7, r8, r9, r10, fp, pc}
 938              	.LVL115:
 939              	.L23:
 940              		.loc 1 53 1 view .LVU147
 941 0096 00BF     		.align	3
 942              	.L22:
 943 0098 77BE9F1A 		.word	446676599
 944 009c 2FF55640 		.word	1079440687
 945 00a0 3FC6DCB5 		.word	-1243822529
 946 00a4 84145740 		.word	1079448708
 947 00a8 E02D90A0 		.word	-1601163808
 948 00ac F8D55540 		.word	1079367160
 949 00b0 00001440 		.word	1075052544
 950              		.cfi_endproc
 951              	.LFE223:
 953              		.section	.text.measure_temperature,"ax",%progbits
 954              		.align	1
 955              		.global	measure_temperature
 956              		.syntax unified
ARM GAS  /var/folders/rj/9n9dpytj2n74_jwlj_p0xk9m0000gn/T//cczoRwAh.s 			page 19


 957              		.thumb
 958              		.thumb_func
 960              	measure_temperature:
 961              	.LFB224:
  54:Core/Src/salinity.c **** 
  55:Core/Src/salinity.c **** /**
  56:Core/Src/salinity.c ****  * @brief Measures temperature
  57:Core/Src/salinity.c ****  *
  58:Core/Src/salinity.c ****  * @return double: temperature value in degrees Celsius
  59:Core/Src/salinity.c ****  */
  60:Core/Src/salinity.c **** double measure_temperature(void)
  61:Core/Src/salinity.c **** {
 962              		.loc 1 61 1 is_stmt 1 view -0
 963              		.cfi_startproc
 964              		@ args = 0, pretend = 0, frame = 8
 965              		@ frame_needed = 0, uses_anonymous_args = 0
 966 0000 00B5     		push	{lr}
 967              		.cfi_def_cfa_offset 4
 968              		.cfi_offset 14, -4
 969 0002 87B0     		sub	sp, sp, #28
 970              		.cfi_def_cfa_offset 32
  62:Core/Src/salinity.c ****     if (HAL_I2C_IsDeviceReady(&hi2c1, Pressure_device_addr, 1, 1000) != HAL_OK)
 971              		.loc 1 62 5 view .LVU149
 972              		.loc 1 62 9 is_stmt 0 view .LVU150
 973 0004 4FF47A73 		mov	r3, #1000
 974 0008 0122     		movs	r2, #1
 975 000a DA21     		movs	r1, #218
 976 000c 3048     		ldr	r0, .L35+8
 977 000e FFF7FEFF 		bl	HAL_I2C_IsDeviceReady
 978              	.LVL116:
 979              		.loc 1 62 8 discriminator 1 view .LVU151
 980 0012 A0B9     		cbnz	r0, .L31
 981              	.L25:
  63:Core/Src/salinity.c ****     {
  64:Core/Src/salinity.c ****         Error_Handler();
  65:Core/Src/salinity.c ****     }
  66:Core/Src/salinity.c **** 
  67:Core/Src/salinity.c ****     // Request temperature
  68:Core/Src/salinity.c ****     uint8_t request = Pressure_request_temperature;
 982              		.loc 1 68 5 is_stmt 1 view .LVU152
 983              		.loc 1 68 13 is_stmt 0 view .LVU153
 984 0014 0423     		movs	r3, #4
 985 0016 8DF81730 		strb	r3, [sp, #23]
  69:Core/Src/salinity.c ****     if (HAL_I2C_Mem_Write(&hi2c1, Pressure_device_addr, Pressure_mem_addr_request, 1, &request, 1, 
 986              		.loc 1 69 5 is_stmt 1 view .LVU154
 987              		.loc 1 69 9 is_stmt 0 view .LVU155
 988 001a 4FF47A73 		mov	r3, #1000
 989 001e 0293     		str	r3, [sp, #8]
 990 0020 0123     		movs	r3, #1
 991 0022 0193     		str	r3, [sp, #4]
 992 0024 0DF11702 		add	r2, sp, #23
 993 0028 0092     		str	r2, [sp]
 994 002a 0A22     		movs	r2, #10
 995 002c DA21     		movs	r1, #218
 996 002e 2848     		ldr	r0, .L35+8
 997 0030 FFF7FEFF 		bl	HAL_I2C_Mem_Write
 998              	.LVL117:
ARM GAS  /var/folders/rj/9n9dpytj2n74_jwlj_p0xk9m0000gn/T//cczoRwAh.s 			page 20


 999              		.loc 1 69 8 discriminator 1 view .LVU156
 1000 0034 30B9     		cbnz	r0, .L32
 1001              	.L26:
  70:Core/Src/salinity.c ****     {
  71:Core/Src/salinity.c ****         Error_Handler();
  72:Core/Src/salinity.c ****     }
  73:Core/Src/salinity.c **** 
  74:Core/Src/salinity.c ****     // Wait for measurement
  75:Core/Src/salinity.c ****     uint8_t status = 0;
 1002              		.loc 1 75 5 is_stmt 1 view .LVU157
 1003              		.loc 1 75 13 is_stmt 0 view .LVU158
 1004 0036 0023     		movs	r3, #0
 1005 0038 8DF81630 		strb	r3, [sp, #22]
 1006 003c 0DE0     		b	.L28
 1007              	.L31:
  64:Core/Src/salinity.c ****     }
 1008              		.loc 1 64 9 is_stmt 1 view .LVU159
 1009 003e FFF7FEFF 		bl	Error_Handler
 1010              	.LVL118:
 1011 0042 E7E7     		b	.L25
 1012              	.L32:
  71:Core/Src/salinity.c ****     }
 1013              		.loc 1 71 9 view .LVU160
 1014 0044 FFF7FEFF 		bl	Error_Handler
 1015              	.LVL119:
 1016 0048 F5E7     		b	.L26
 1017              	.L27:
  76:Core/Src/salinity.c ****     do
  77:Core/Src/salinity.c ****     {
  78:Core/Src/salinity.c ****         if (HAL_I2C_Mem_Read(&hi2c1, Pressure_device_addr, Pressure_mem_addr_status, 1, &status, 1,
  79:Core/Src/salinity.c ****         {
  80:Core/Src/salinity.c ****             Error_Handler();
  81:Core/Src/salinity.c ****         }
  82:Core/Src/salinity.c ****         HAL_Delay(100);
 1018              		.loc 1 82 9 view .LVU161
 1019 004a 6420     		movs	r0, #100
 1020 004c FFF7FEFF 		bl	HAL_Delay
 1021              	.LVL120:
  83:Core/Src/salinity.c ****     } while ((status & Pressure_status_finished) == 0);
 1022              		.loc 1 83 50 view .LVU162
 1023              		.loc 1 83 22 is_stmt 0 view .LVU163
 1024 0050 9DF81630 		ldrb	r3, [sp, #22]	@ zero_extendqisi2
 1025              		.loc 1 83 50 view .LVU164
 1026 0054 13F0010F 		tst	r3, #1
 1027 0058 11D1     		bne	.L33
 1028              	.L28:
  76:Core/Src/salinity.c ****     do
 1029              		.loc 1 76 5 is_stmt 1 view .LVU165
  78:Core/Src/salinity.c ****         {
 1030              		.loc 1 78 9 view .LVU166
  78:Core/Src/salinity.c ****         {
 1031              		.loc 1 78 13 is_stmt 0 view .LVU167
 1032 005a 4FF47A73 		mov	r3, #1000
 1033 005e 0293     		str	r3, [sp, #8]
 1034 0060 0123     		movs	r3, #1
 1035 0062 0193     		str	r3, [sp, #4]
 1036 0064 0DF11602 		add	r2, sp, #22
ARM GAS  /var/folders/rj/9n9dpytj2n74_jwlj_p0xk9m0000gn/T//cczoRwAh.s 			page 21


 1037 0068 0092     		str	r2, [sp]
 1038 006a 1322     		movs	r2, #19
 1039 006c DA21     		movs	r1, #218
 1040 006e 1848     		ldr	r0, .L35+8
 1041 0070 FFF7FEFF 		bl	HAL_I2C_Mem_Read
 1042              	.LVL121:
  78:Core/Src/salinity.c ****         {
 1043              		.loc 1 78 12 discriminator 1 view .LVU168
 1044 0074 0028     		cmp	r0, #0
 1045 0076 E8D0     		beq	.L27
  80:Core/Src/salinity.c ****         }
 1046              		.loc 1 80 13 is_stmt 1 view .LVU169
 1047 0078 FFF7FEFF 		bl	Error_Handler
 1048              	.LVL122:
 1049 007c E5E7     		b	.L27
 1050              	.L33:
  84:Core/Src/salinity.c **** 
  85:Core/Src/salinity.c ****     uint8_t buf[2];
 1051              		.loc 1 85 5 view .LVU170
  86:Core/Src/salinity.c ****     if (HAL_I2C_Mem_Read(&hi2c1, Pressure_device_addr, Pressure_mem_addr_temperature, 1, buf, 2, 10
 1052              		.loc 1 86 5 view .LVU171
 1053              		.loc 1 86 9 is_stmt 0 view .LVU172
 1054 007e 4FF47A73 		mov	r3, #1000
 1055 0082 0293     		str	r3, [sp, #8]
 1056 0084 0223     		movs	r3, #2
 1057 0086 0193     		str	r3, [sp, #4]
 1058 0088 05AB     		add	r3, sp, #20
 1059 008a 0093     		str	r3, [sp]
 1060 008c 0123     		movs	r3, #1
 1061 008e 0F22     		movs	r2, #15
 1062 0090 DA21     		movs	r1, #218
 1063 0092 0F48     		ldr	r0, .L35+8
 1064 0094 FFF7FEFF 		bl	HAL_I2C_Mem_Read
 1065              	.LVL123:
 1066              		.loc 1 86 8 discriminator 1 view .LVU173
 1067 0098 88B9     		cbnz	r0, .L34
 1068              	.L29:
  87:Core/Src/salinity.c ****     {
  88:Core/Src/salinity.c ****         Error_Handler();
  89:Core/Src/salinity.c ****     }
  90:Core/Src/salinity.c **** 
  91:Core/Src/salinity.c ****     uint16_t temperature = (buf[0] << 8) | buf[1];
 1069              		.loc 1 91 5 is_stmt 1 view .LVU174
 1070              		.loc 1 91 32 is_stmt 0 view .LVU175
 1071 009a 9DF81400 		ldrb	r0, [sp, #20]	@ zero_extendqisi2
 1072              		.loc 1 91 47 view .LVU176
 1073 009e 9DF81530 		ldrb	r3, [sp, #21]	@ zero_extendqisi2
 1074              	.LVL124:
  92:Core/Src/salinity.c **** 
  93:Core/Src/salinity.c ****     return ((double)temperature) * 0.1f;
 1075              		.loc 1 93 5 is_stmt 1 view .LVU177
 1076              		.loc 1 93 13 is_stmt 0 view .LVU178
 1077 00a2 43EA0020 		orr	r0, r3, r0, lsl #8
 1078              	.LVL125:
 1079              		.loc 1 93 13 view .LVU179
 1080 00a6 FFF7FEFF 		bl	__aeabi_ui2d
 1081              	.LVL126:
ARM GAS  /var/folders/rj/9n9dpytj2n74_jwlj_p0xk9m0000gn/T//cczoRwAh.s 			page 22


 1082              		.loc 1 93 34 view .LVU180
 1083 00aa 07A3     		adr	r3, .L35
 1084 00ac D3E90023 		ldrd	r2, [r3]
 1085 00b0 FFF7FEFF 		bl	__aeabi_dmul
 1086              	.LVL127:
  94:Core/Src/salinity.c **** }
 1087              		.loc 1 94 1 view .LVU181
 1088 00b4 41EC100B 		vmov	d0, r0, r1
 1089 00b8 07B0     		add	sp, sp, #28
 1090              		.cfi_remember_state
 1091              		.cfi_def_cfa_offset 4
 1092              		@ sp needed
 1093 00ba 5DF804FB 		ldr	pc, [sp], #4
 1094              	.LVL128:
 1095              	.L34:
 1096              		.cfi_restore_state
  88:Core/Src/salinity.c ****     }
 1097              		.loc 1 88 9 is_stmt 1 view .LVU182
 1098 00be FFF7FEFF 		bl	Error_Handler
 1099              	.LVL129:
 1100 00c2 EAE7     		b	.L29
 1101              	.L36:
 1102 00c4 AFF30080 		.align	3
 1103              	.L35:
 1104 00c8 000000A0 		.word	-1610612736
 1105 00cc 9999B93F 		.word	1069128089
 1106 00d0 00000000 		.word	hi2c1
 1107              		.cfi_endproc
 1108              	.LFE224:
 1110              		.section	.text.measure_pressure,"ax",%progbits
 1111              		.align	1
 1112              		.global	measure_pressure
 1113              		.syntax unified
 1114              		.thumb
 1115              		.thumb_func
 1117              	measure_pressure:
 1118              	.LFB225:
  95:Core/Src/salinity.c **** 
  96:Core/Src/salinity.c **** /**
  97:Core/Src/salinity.c ****  * @brief Measures pressure
  98:Core/Src/salinity.c ****  * @return double: pressure value in decibars corrected to 0 deibars at 0 meters above sea level
  99:Core/Src/salinity.c ****  */
 100:Core/Src/salinity.c **** double measure_pressure(void)
 101:Core/Src/salinity.c **** {
 1119              		.loc 1 101 1 view -0
 1120              		.cfi_startproc
 1121              		@ args = 0, pretend = 0, frame = 8
 1122              		@ frame_needed = 0, uses_anonymous_args = 0
 1123 0000 00B5     		push	{lr}
 1124              		.cfi_def_cfa_offset 4
 1125              		.cfi_offset 14, -4
 1126 0002 87B0     		sub	sp, sp, #28
 1127              		.cfi_def_cfa_offset 32
 102:Core/Src/salinity.c ****     if (HAL_I2C_IsDeviceReady(&hi2c1, Pressure_device_addr, 1, 1000) != HAL_OK)
 1128              		.loc 1 102 5 view .LVU184
 1129              		.loc 1 102 9 is_stmt 0 view .LVU185
 1130 0004 4FF47A73 		mov	r3, #1000
ARM GAS  /var/folders/rj/9n9dpytj2n74_jwlj_p0xk9m0000gn/T//cczoRwAh.s 			page 23


 1131 0008 0122     		movs	r2, #1
 1132 000a DA21     		movs	r1, #218
 1133 000c 3848     		ldr	r0, .L48+16
 1134 000e FFF7FEFF 		bl	HAL_I2C_IsDeviceReady
 1135              	.LVL130:
 1136              		.loc 1 102 8 discriminator 1 view .LVU186
 1137 0012 A0B9     		cbnz	r0, .L44
 1138              	.L38:
 103:Core/Src/salinity.c ****     {
 104:Core/Src/salinity.c ****         Error_Handler();
 105:Core/Src/salinity.c ****     }
 106:Core/Src/salinity.c **** 
 107:Core/Src/salinity.c ****     // Request pressure
 108:Core/Src/salinity.c ****     uint8_t request = Pressure_request_pressure;
 1139              		.loc 1 108 5 is_stmt 1 view .LVU187
 1140              		.loc 1 108 13 is_stmt 0 view .LVU188
 1141 0014 0623     		movs	r3, #6
 1142 0016 8DF81730 		strb	r3, [sp, #23]
 109:Core/Src/salinity.c ****     if (HAL_I2C_Mem_Write(&hi2c1, Pressure_device_addr, Pressure_mem_addr_request, 1, &request, 1, 
 1143              		.loc 1 109 5 is_stmt 1 view .LVU189
 1144              		.loc 1 109 9 is_stmt 0 view .LVU190
 1145 001a 4FF47A73 		mov	r3, #1000
 1146 001e 0293     		str	r3, [sp, #8]
 1147 0020 0123     		movs	r3, #1
 1148 0022 0193     		str	r3, [sp, #4]
 1149 0024 0DF11702 		add	r2, sp, #23
 1150 0028 0092     		str	r2, [sp]
 1151 002a 0A22     		movs	r2, #10
 1152 002c DA21     		movs	r1, #218
 1153 002e 3048     		ldr	r0, .L48+16
 1154 0030 FFF7FEFF 		bl	HAL_I2C_Mem_Write
 1155              	.LVL131:
 1156              		.loc 1 109 8 discriminator 1 view .LVU191
 1157 0034 30B9     		cbnz	r0, .L45
 1158              	.L39:
 110:Core/Src/salinity.c ****     {
 111:Core/Src/salinity.c ****         Error_Handler();
 112:Core/Src/salinity.c ****     }
 113:Core/Src/salinity.c **** 
 114:Core/Src/salinity.c ****     // Wait for measurement
 115:Core/Src/salinity.c ****     uint8_t status = 0;
 1159              		.loc 1 115 5 is_stmt 1 view .LVU192
 1160              		.loc 1 115 13 is_stmt 0 view .LVU193
 1161 0036 0023     		movs	r3, #0
 1162 0038 8DF81630 		strb	r3, [sp, #22]
 1163 003c 0DE0     		b	.L41
 1164              	.L44:
 104:Core/Src/salinity.c ****     }
 1165              		.loc 1 104 9 is_stmt 1 view .LVU194
 1166 003e FFF7FEFF 		bl	Error_Handler
 1167              	.LVL132:
 1168 0042 E7E7     		b	.L38
 1169              	.L45:
 111:Core/Src/salinity.c ****     }
 1170              		.loc 1 111 9 view .LVU195
 1171 0044 FFF7FEFF 		bl	Error_Handler
 1172              	.LVL133:
ARM GAS  /var/folders/rj/9n9dpytj2n74_jwlj_p0xk9m0000gn/T//cczoRwAh.s 			page 24


 1173 0048 F5E7     		b	.L39
 1174              	.L40:
 116:Core/Src/salinity.c ****     do
 117:Core/Src/salinity.c ****     {
 118:Core/Src/salinity.c ****         if (HAL_I2C_Mem_Read(&hi2c1, Pressure_device_addr, Pressure_mem_addr_status, 1, &status, 1,
 119:Core/Src/salinity.c ****         {
 120:Core/Src/salinity.c ****             Error_Handler();
 121:Core/Src/salinity.c ****         }
 122:Core/Src/salinity.c ****         HAL_Delay(100);
 1175              		.loc 1 122 9 view .LVU196
 1176 004a 6420     		movs	r0, #100
 1177 004c FFF7FEFF 		bl	HAL_Delay
 1178              	.LVL134:
 123:Core/Src/salinity.c ****     } while ((status & Pressure_status_finished) == 0);
 1179              		.loc 1 123 50 view .LVU197
 1180              		.loc 1 123 22 is_stmt 0 view .LVU198
 1181 0050 9DF81630 		ldrb	r3, [sp, #22]	@ zero_extendqisi2
 1182              		.loc 1 123 50 view .LVU199
 1183 0054 13F0010F 		tst	r3, #1
 1184 0058 11D1     		bne	.L46
 1185              	.L41:
 116:Core/Src/salinity.c ****     do
 1186              		.loc 1 116 5 is_stmt 1 view .LVU200
 118:Core/Src/salinity.c ****         {
 1187              		.loc 1 118 9 view .LVU201
 118:Core/Src/salinity.c ****         {
 1188              		.loc 1 118 13 is_stmt 0 view .LVU202
 1189 005a 4FF47A73 		mov	r3, #1000
 1190 005e 0293     		str	r3, [sp, #8]
 1191 0060 0123     		movs	r3, #1
 1192 0062 0193     		str	r3, [sp, #4]
 1193 0064 0DF11602 		add	r2, sp, #22
 1194 0068 0092     		str	r2, [sp]
 1195 006a 1322     		movs	r2, #19
 1196 006c DA21     		movs	r1, #218
 1197 006e 2048     		ldr	r0, .L48+16
 1198 0070 FFF7FEFF 		bl	HAL_I2C_Mem_Read
 1199              	.LVL135:
 118:Core/Src/salinity.c ****         {
 1200              		.loc 1 118 12 discriminator 1 view .LVU203
 1201 0074 0028     		cmp	r0, #0
 1202 0076 E8D0     		beq	.L40
 120:Core/Src/salinity.c ****         }
 1203              		.loc 1 120 13 is_stmt 1 view .LVU204
 1204 0078 FFF7FEFF 		bl	Error_Handler
 1205              	.LVL136:
 1206 007c E5E7     		b	.L40
 1207              	.L46:
 124:Core/Src/salinity.c **** 
 125:Core/Src/salinity.c ****     uint8_t buf[4];
 1208              		.loc 1 125 5 view .LVU205
 126:Core/Src/salinity.c **** 
 127:Core/Src/salinity.c ****     if (HAL_I2C_Mem_Read(&hi2c1, Pressure_device_addr, Pressure_mem_addr_pressure, 1, buf, 4, 1000)
 1209              		.loc 1 127 5 view .LVU206
 1210              		.loc 1 127 9 is_stmt 0 view .LVU207
 1211 007e 4FF47A73 		mov	r3, #1000
 1212 0082 0293     		str	r3, [sp, #8]
ARM GAS  /var/folders/rj/9n9dpytj2n74_jwlj_p0xk9m0000gn/T//cczoRwAh.s 			page 25


 1213 0084 0423     		movs	r3, #4
 1214 0086 0193     		str	r3, [sp, #4]
 1215 0088 04AB     		add	r3, sp, #16
 1216 008a 0093     		str	r3, [sp]
 1217 008c 0123     		movs	r3, #1
 1218 008e 0B22     		movs	r2, #11
 1219 0090 DA21     		movs	r1, #218
 1220 0092 1748     		ldr	r0, .L48+16
 1221 0094 FFF7FEFF 		bl	HAL_I2C_Mem_Read
 1222              	.LVL137:
 1223              		.loc 1 127 8 discriminator 1 view .LVU208
 1224 0098 F0B9     		cbnz	r0, .L47
 1225              	.L42:
 128:Core/Src/salinity.c ****     {
 129:Core/Src/salinity.c ****         Error_Handler();
 130:Core/Src/salinity.c ****     }
 131:Core/Src/salinity.c **** 
 132:Core/Src/salinity.c ****     uint32_t pressure = (buf[0] << 24) | (buf[1] << 16) | (buf[2] << 8) | buf[3];
 1226              		.loc 1 132 5 is_stmt 1 view .LVU209
 1227              		.loc 1 132 29 is_stmt 0 view .LVU210
 1228 009a 9DF81020 		ldrb	r2, [sp, #16]	@ zero_extendqisi2
 1229              		.loc 1 132 46 view .LVU211
 1230 009e 9DF81130 		ldrb	r3, [sp, #17]	@ zero_extendqisi2
 1231              		.loc 1 132 50 view .LVU212
 1232 00a2 1B04     		lsls	r3, r3, #16
 1233              		.loc 1 132 40 view .LVU213
 1234 00a4 43EA0263 		orr	r3, r3, r2, lsl #24
 1235              		.loc 1 132 63 view .LVU214
 1236 00a8 9DF81220 		ldrb	r2, [sp, #18]	@ zero_extendqisi2
 1237              		.loc 1 132 57 view .LVU215
 1238 00ac 43EA0223 		orr	r3, r3, r2, lsl #8
 1239              		.loc 1 132 78 view .LVU216
 1240 00b0 9DF81300 		ldrb	r0, [sp, #19]	@ zero_extendqisi2
 1241              	.LVL138:
 133:Core/Src/salinity.c **** 
 134:Core/Src/salinity.c ****     return ((double)pressure - PASCALS_AT_SEA_LEVEL) * PASCALS_PER_DECIBAR;
 1242              		.loc 1 134 5 is_stmt 1 view .LVU217
 1243              		.loc 1 134 13 is_stmt 0 view .LVU218
 1244 00b4 1843     		orrs	r0, r0, r3
 1245              	.LVL139:
 1246              		.loc 1 134 13 view .LVU219
 1247 00b6 FFF7FEFF 		bl	__aeabi_ui2d
 1248              	.LVL140:
 1249              		.loc 1 134 30 view .LVU220
 1250 00ba 09A3     		adr	r3, .L48
 1251 00bc D3E90023 		ldrd	r2, [r3]
 1252 00c0 FFF7FEFF 		bl	__aeabi_dsub
 1253              	.LVL141:
 1254              		.loc 1 134 54 view .LVU221
 1255 00c4 08A3     		adr	r3, .L48+8
 1256 00c6 D3E90023 		ldrd	r2, [r3]
 1257 00ca FFF7FEFF 		bl	__aeabi_dmul
 1258              	.LVL142:
 135:Core/Src/salinity.c **** }
 1259              		.loc 1 135 1 view .LVU222
 1260 00ce 41EC100B 		vmov	d0, r0, r1
 1261 00d2 07B0     		add	sp, sp, #28
ARM GAS  /var/folders/rj/9n9dpytj2n74_jwlj_p0xk9m0000gn/T//cczoRwAh.s 			page 26


 1262              		.cfi_remember_state
 1263              		.cfi_def_cfa_offset 4
 1264              		@ sp needed
 1265 00d4 5DF804FB 		ldr	pc, [sp], #4
 1266              	.LVL143:
 1267              	.L47:
 1268              		.cfi_restore_state
 129:Core/Src/salinity.c ****     }
 1269              		.loc 1 129 9 is_stmt 1 view .LVU223
 1270 00d8 FFF7FEFF 		bl	Error_Handler
 1271              	.LVL144:
 1272 00dc DDE7     		b	.L42
 1273              	.L49:
 1274 00de 00BF     		.align	3
 1275              	.L48:
 1276 00e0 00000000 		.word	0
 1277 00e4 D0BCF840 		.word	1090043088
 1278 00e8 2D431CEB 		.word	-350469331
 1279 00ec E2361A3F 		.word	1058682594
 1280 00f0 00000000 		.word	hi2c1
 1281              		.cfi_endproc
 1282              	.LFE225:
 1284              		.text
 1285              	.Letext0:
 1286              		.file 2 "/opt/local/arm-none-eabi/include/machine/_default_types.h"
 1287              		.file 3 "/opt/local/arm-none-eabi/include/sys/_stdint.h"
 1288              		.file 4 "Drivers/CMSIS/Device/ST/STM32F4xx/Include/stm32f401xc.h"
 1289              		.file 5 "Drivers/STM32F4xx_HAL_Driver/Inc/stm32f4xx_hal_def.h"
 1290              		.file 6 "Drivers/STM32F4xx_HAL_Driver/Inc/stm32f4xx_hal_dma.h"
 1291              		.file 7 "Drivers/STM32F4xx_HAL_Driver/Inc/stm32f4xx_hal_i2c.h"
 1292              		.file 8 "../RS485/ProbeConfig.h"
 1293              		.file 9 "Core/Inc/voltage.h"
 1294              		.file 10 "Core/Inc/salinity.h"
 1295              		.file 11 "Core/Inc/i2c.h"
 1296              		.file 12 "Drivers/STM32F4xx_HAL_Driver/Inc/stm32f4xx_hal.h"
 1297              		.file 13 "Core/Inc/main.h"
 1298              		.file 14 "/opt/local/arm-none-eabi/include/math.h"
ARM GAS  /var/folders/rj/9n9dpytj2n74_jwlj_p0xk9m0000gn/T//cczoRwAh.s 			page 27


DEFINED SYMBOLS
                            *ABS*:00000000 salinity.c
/var/folders/rj/9n9dpytj2n74_jwlj_p0xk9m0000gn/T//cczoRwAh.s:25     .text.calculate_salinity:00000000 $t
/var/folders/rj/9n9dpytj2n74_jwlj_p0xk9m0000gn/T//cczoRwAh.s:31     .text.calculate_salinity:00000000 calculate_salinity
/var/folders/rj/9n9dpytj2n74_jwlj_p0xk9m0000gn/T//cczoRwAh.s:581    .text.calculate_salinity:000003d0 $d
/var/folders/rj/9n9dpytj2n74_jwlj_p0xk9m0000gn/T//cczoRwAh.s:644    .text.calculate_average_resistance:00000000 $t
/var/folders/rj/9n9dpytj2n74_jwlj_p0xk9m0000gn/T//cczoRwAh.s:650    .text.calculate_average_resistance:00000000 calculate_average_resistance
/var/folders/rj/9n9dpytj2n74_jwlj_p0xk9m0000gn/T//cczoRwAh.s:728    .text.calculate_conductivity:00000000 $t
/var/folders/rj/9n9dpytj2n74_jwlj_p0xk9m0000gn/T//cczoRwAh.s:734    .text.calculate_conductivity:00000000 calculate_conductivity
/var/folders/rj/9n9dpytj2n74_jwlj_p0xk9m0000gn/T//cczoRwAh.s:801    .text.calculate_conductivity:00000040 $d
/var/folders/rj/9n9dpytj2n74_jwlj_p0xk9m0000gn/T//cczoRwAh.s:813    .text.calculate_resistance:00000000 $t
/var/folders/rj/9n9dpytj2n74_jwlj_p0xk9m0000gn/T//cczoRwAh.s:819    .text.calculate_resistance:00000000 calculate_resistance
/var/folders/rj/9n9dpytj2n74_jwlj_p0xk9m0000gn/T//cczoRwAh.s:943    .text.calculate_resistance:00000098 $d
/var/folders/rj/9n9dpytj2n74_jwlj_p0xk9m0000gn/T//cczoRwAh.s:954    .text.measure_temperature:00000000 $t
/var/folders/rj/9n9dpytj2n74_jwlj_p0xk9m0000gn/T//cczoRwAh.s:960    .text.measure_temperature:00000000 measure_temperature
/var/folders/rj/9n9dpytj2n74_jwlj_p0xk9m0000gn/T//cczoRwAh.s:1104   .text.measure_temperature:000000c8 $d
/var/folders/rj/9n9dpytj2n74_jwlj_p0xk9m0000gn/T//cczoRwAh.s:1111   .text.measure_pressure:00000000 $t
/var/folders/rj/9n9dpytj2n74_jwlj_p0xk9m0000gn/T//cczoRwAh.s:1117   .text.measure_pressure:00000000 measure_pressure
/var/folders/rj/9n9dpytj2n74_jwlj_p0xk9m0000gn/T//cczoRwAh.s:1276   .text.measure_pressure:000000e0 $d

UNDEFINED SYMBOLS
__aeabi_ddiv
__aeabi_dmul
__aeabi_dadd
__aeabi_dsub
pow
__aeabi_i2d
__aeabi_ui2d
HAL_I2C_IsDeviceReady
HAL_I2C_Mem_Write
Error_Handler
HAL_Delay
HAL_I2C_Mem_Read
hi2c1
