ARM GAS  /var/folders/rj/9n9dpytj2n74_jwlj_p0xk9m0000gn/T//ccjeXjAf.s 			page 1


   1              		.cpu cortex-m4
   2              		.arch armv7e-m
   3              		.fpu fpv4-sp-d16
   4              		.eabi_attribute 27, 1
   5              		.eabi_attribute 28, 1
   6              		.eabi_attribute 20, 1
   7              		.eabi_attribute 21, 1
   8              		.eabi_attribute 23, 3
   9              		.eabi_attribute 24, 1
  10              		.eabi_attribute 25, 1
  11              		.eabi_attribute 26, 1
  12              		.eabi_attribute 30, 1
  13              		.eabi_attribute 34, 1
  14              		.eabi_attribute 18, 4
  15              		.file	"usart.c"
  16              		.text
  17              	.Ltext0:
  18              		.cfi_sections	.debug_frame
  19              		.file 1 "Core/Src/usart.c"
  20              		.section	.text.MX_USART1_UART_Init,"ax",%progbits
  21              		.align	1
  22              		.global	MX_USART1_UART_Init
  23              		.syntax unified
  24              		.thumb
  25              		.thumb_func
  27              	MX_USART1_UART_Init:
  28              	.LFB220:
   1:Core/Src/usart.c **** /* USER CODE BEGIN Header */
   2:Core/Src/usart.c **** /**
   3:Core/Src/usart.c ****   ******************************************************************************
   4:Core/Src/usart.c ****   * @file    usart.c
   5:Core/Src/usart.c ****   * @brief   This file provides code for the configuration
   6:Core/Src/usart.c ****   *          of the USART instances.
   7:Core/Src/usart.c ****   ******************************************************************************
   8:Core/Src/usart.c ****   * @attention
   9:Core/Src/usart.c ****   *
  10:Core/Src/usart.c ****   * Copyright (c) 2024 STMicroelectronics.
  11:Core/Src/usart.c ****   * All rights reserved.
  12:Core/Src/usart.c ****   *
  13:Core/Src/usart.c ****   * This software is licensed under terms that can be found in the LICENSE file
  14:Core/Src/usart.c ****   * in the root directory of this software component.
  15:Core/Src/usart.c ****   * If no LICENSE file comes with this software, it is provided AS-IS.
  16:Core/Src/usart.c ****   *
  17:Core/Src/usart.c ****   ******************************************************************************
  18:Core/Src/usart.c ****   */
  19:Core/Src/usart.c **** /* USER CODE END Header */
  20:Core/Src/usart.c **** /* Includes ------------------------------------------------------------------*/
  21:Core/Src/usart.c **** #include "usart.h"
  22:Core/Src/usart.c **** 
  23:Core/Src/usart.c **** /* USER CODE BEGIN 0 */
  24:Core/Src/usart.c **** 
  25:Core/Src/usart.c **** /* USER CODE END 0 */
  26:Core/Src/usart.c **** 
  27:Core/Src/usart.c **** UART_HandleTypeDef huart1;
  28:Core/Src/usart.c **** UART_HandleTypeDef huart6;
  29:Core/Src/usart.c **** 
  30:Core/Src/usart.c **** /* USART1 init function */
ARM GAS  /var/folders/rj/9n9dpytj2n74_jwlj_p0xk9m0000gn/T//ccjeXjAf.s 			page 2


  31:Core/Src/usart.c **** 
  32:Core/Src/usart.c **** void MX_USART1_UART_Init(void)
  33:Core/Src/usart.c **** {
  29              		.loc 1 33 1 view -0
  30              		.cfi_startproc
  31              		@ args = 0, pretend = 0, frame = 0
  32              		@ frame_needed = 0, uses_anonymous_args = 0
  33 0000 08B5     		push	{r3, lr}
  34              		.cfi_def_cfa_offset 8
  35              		.cfi_offset 3, -8
  36              		.cfi_offset 14, -4
  34:Core/Src/usart.c **** 
  35:Core/Src/usart.c ****   /* USER CODE BEGIN USART1_Init 0 */
  36:Core/Src/usart.c **** 
  37:Core/Src/usart.c ****   /* USER CODE END USART1_Init 0 */
  38:Core/Src/usart.c **** 
  39:Core/Src/usart.c ****   /* USER CODE BEGIN USART1_Init 1 */
  40:Core/Src/usart.c **** 
  41:Core/Src/usart.c ****   /* USER CODE END USART1_Init 1 */
  42:Core/Src/usart.c ****   huart1.Instance = USART1;
  37              		.loc 1 42 3 view .LVU1
  38              		.loc 1 42 19 is_stmt 0 view .LVU2
  39 0002 0A48     		ldr	r0, .L5
  40 0004 0A4B     		ldr	r3, .L5+4
  41 0006 0360     		str	r3, [r0]
  43:Core/Src/usart.c ****   huart1.Init.BaudRate = 115200;
  42              		.loc 1 43 3 is_stmt 1 view .LVU3
  43              		.loc 1 43 24 is_stmt 0 view .LVU4
  44 0008 4FF4E133 		mov	r3, #115200
  45 000c 4360     		str	r3, [r0, #4]
  44:Core/Src/usart.c ****   huart1.Init.WordLength = UART_WORDLENGTH_8B;
  46              		.loc 1 44 3 is_stmt 1 view .LVU5
  47              		.loc 1 44 26 is_stmt 0 view .LVU6
  48 000e 0023     		movs	r3, #0
  49 0010 8360     		str	r3, [r0, #8]
  45:Core/Src/usart.c ****   huart1.Init.StopBits = UART_STOPBITS_1;
  50              		.loc 1 45 3 is_stmt 1 view .LVU7
  51              		.loc 1 45 24 is_stmt 0 view .LVU8
  52 0012 C360     		str	r3, [r0, #12]
  46:Core/Src/usart.c ****   huart1.Init.Parity = UART_PARITY_NONE;
  53              		.loc 1 46 3 is_stmt 1 view .LVU9
  54              		.loc 1 46 22 is_stmt 0 view .LVU10
  55 0014 0361     		str	r3, [r0, #16]
  47:Core/Src/usart.c ****   huart1.Init.Mode = UART_MODE_TX_RX;
  56              		.loc 1 47 3 is_stmt 1 view .LVU11
  57              		.loc 1 47 20 is_stmt 0 view .LVU12
  58 0016 0C22     		movs	r2, #12
  59 0018 4261     		str	r2, [r0, #20]
  48:Core/Src/usart.c ****   huart1.Init.HwFlowCtl = UART_HWCONTROL_NONE;
  60              		.loc 1 48 3 is_stmt 1 view .LVU13
  61              		.loc 1 48 25 is_stmt 0 view .LVU14
  62 001a 8361     		str	r3, [r0, #24]
  49:Core/Src/usart.c ****   huart1.Init.OverSampling = UART_OVERSAMPLING_16;
  63              		.loc 1 49 3 is_stmt 1 view .LVU15
  64              		.loc 1 49 28 is_stmt 0 view .LVU16
  65 001c C361     		str	r3, [r0, #28]
  50:Core/Src/usart.c ****   if (HAL_HalfDuplex_Init(&huart1) != HAL_OK)
ARM GAS  /var/folders/rj/9n9dpytj2n74_jwlj_p0xk9m0000gn/T//ccjeXjAf.s 			page 3


  66              		.loc 1 50 3 is_stmt 1 view .LVU17
  67              		.loc 1 50 7 is_stmt 0 view .LVU18
  68 001e FFF7FEFF 		bl	HAL_HalfDuplex_Init
  69              	.LVL0:
  70              		.loc 1 50 6 discriminator 1 view .LVU19
  71 0022 00B9     		cbnz	r0, .L4
  72              	.L1:
  51:Core/Src/usart.c ****   {
  52:Core/Src/usart.c ****     Error_Handler();
  53:Core/Src/usart.c ****   }
  54:Core/Src/usart.c ****   /* USER CODE BEGIN USART1_Init 2 */
  55:Core/Src/usart.c **** 
  56:Core/Src/usart.c ****   /* USER CODE END USART1_Init 2 */
  57:Core/Src/usart.c **** 
  58:Core/Src/usart.c **** }
  73              		.loc 1 58 1 view .LVU20
  74 0024 08BD     		pop	{r3, pc}
  75              	.L4:
  52:Core/Src/usart.c ****   }
  76              		.loc 1 52 5 is_stmt 1 view .LVU21
  77 0026 FFF7FEFF 		bl	Error_Handler
  78              	.LVL1:
  79              		.loc 1 58 1 is_stmt 0 view .LVU22
  80 002a FBE7     		b	.L1
  81              	.L6:
  82              		.align	2
  83              	.L5:
  84 002c 00000000 		.word	huart1
  85 0030 00100140 		.word	1073811456
  86              		.cfi_endproc
  87              	.LFE220:
  89              		.section	.text.MX_USART6_UART_Init,"ax",%progbits
  90              		.align	1
  91              		.global	MX_USART6_UART_Init
  92              		.syntax unified
  93              		.thumb
  94              		.thumb_func
  96              	MX_USART6_UART_Init:
  97              	.LFB221:
  59:Core/Src/usart.c **** /* USART6 init function */
  60:Core/Src/usart.c **** 
  61:Core/Src/usart.c **** void MX_USART6_UART_Init(void)
  62:Core/Src/usart.c **** {
  98              		.loc 1 62 1 is_stmt 1 view -0
  99              		.cfi_startproc
 100              		@ args = 0, pretend = 0, frame = 0
 101              		@ frame_needed = 0, uses_anonymous_args = 0
 102 0000 08B5     		push	{r3, lr}
 103              		.cfi_def_cfa_offset 8
 104              		.cfi_offset 3, -8
 105              		.cfi_offset 14, -4
  63:Core/Src/usart.c **** 
  64:Core/Src/usart.c ****   /* USER CODE BEGIN USART6_Init 0 */
  65:Core/Src/usart.c **** 
  66:Core/Src/usart.c ****   /* USER CODE END USART6_Init 0 */
  67:Core/Src/usart.c **** 
  68:Core/Src/usart.c ****   /* USER CODE BEGIN USART6_Init 1 */
ARM GAS  /var/folders/rj/9n9dpytj2n74_jwlj_p0xk9m0000gn/T//ccjeXjAf.s 			page 4


  69:Core/Src/usart.c **** 
  70:Core/Src/usart.c ****   /* USER CODE END USART6_Init 1 */
  71:Core/Src/usart.c ****   huart6.Instance = USART6;
 106              		.loc 1 71 3 view .LVU24
 107              		.loc 1 71 19 is_stmt 0 view .LVU25
 108 0002 0A48     		ldr	r0, .L11
 109 0004 0A4B     		ldr	r3, .L11+4
 110 0006 0360     		str	r3, [r0]
  72:Core/Src/usart.c ****   huart6.Init.BaudRate = 115200;
 111              		.loc 1 72 3 is_stmt 1 view .LVU26
 112              		.loc 1 72 24 is_stmt 0 view .LVU27
 113 0008 4FF4E133 		mov	r3, #115200
 114 000c 4360     		str	r3, [r0, #4]
  73:Core/Src/usart.c ****   huart6.Init.WordLength = UART_WORDLENGTH_8B;
 115              		.loc 1 73 3 is_stmt 1 view .LVU28
 116              		.loc 1 73 26 is_stmt 0 view .LVU29
 117 000e 0023     		movs	r3, #0
 118 0010 8360     		str	r3, [r0, #8]
  74:Core/Src/usart.c ****   huart6.Init.StopBits = UART_STOPBITS_1;
 119              		.loc 1 74 3 is_stmt 1 view .LVU30
 120              		.loc 1 74 24 is_stmt 0 view .LVU31
 121 0012 C360     		str	r3, [r0, #12]
  75:Core/Src/usart.c ****   huart6.Init.Parity = UART_PARITY_NONE;
 122              		.loc 1 75 3 is_stmt 1 view .LVU32
 123              		.loc 1 75 22 is_stmt 0 view .LVU33
 124 0014 0361     		str	r3, [r0, #16]
  76:Core/Src/usart.c ****   huart6.Init.Mode = UART_MODE_TX_RX;
 125              		.loc 1 76 3 is_stmt 1 view .LVU34
 126              		.loc 1 76 20 is_stmt 0 view .LVU35
 127 0016 0C22     		movs	r2, #12
 128 0018 4261     		str	r2, [r0, #20]
  77:Core/Src/usart.c ****   huart6.Init.HwFlowCtl = UART_HWCONTROL_NONE;
 129              		.loc 1 77 3 is_stmt 1 view .LVU36
 130              		.loc 1 77 25 is_stmt 0 view .LVU37
 131 001a 8361     		str	r3, [r0, #24]
  78:Core/Src/usart.c ****   huart6.Init.OverSampling = UART_OVERSAMPLING_16;
 132              		.loc 1 78 3 is_stmt 1 view .LVU38
 133              		.loc 1 78 28 is_stmt 0 view .LVU39
 134 001c C361     		str	r3, [r0, #28]
  79:Core/Src/usart.c ****   if (HAL_UART_Init(&huart6) != HAL_OK)
 135              		.loc 1 79 3 is_stmt 1 view .LVU40
 136              		.loc 1 79 7 is_stmt 0 view .LVU41
 137 001e FFF7FEFF 		bl	HAL_UART_Init
 138              	.LVL2:
 139              		.loc 1 79 6 discriminator 1 view .LVU42
 140 0022 00B9     		cbnz	r0, .L10
 141              	.L7:
  80:Core/Src/usart.c ****   {
  81:Core/Src/usart.c ****     Error_Handler();
  82:Core/Src/usart.c ****   }
  83:Core/Src/usart.c ****   /* USER CODE BEGIN USART6_Init 2 */
  84:Core/Src/usart.c **** 
  85:Core/Src/usart.c ****   /* USER CODE END USART6_Init 2 */
  86:Core/Src/usart.c **** 
  87:Core/Src/usart.c **** }
 142              		.loc 1 87 1 view .LVU43
 143 0024 08BD     		pop	{r3, pc}
ARM GAS  /var/folders/rj/9n9dpytj2n74_jwlj_p0xk9m0000gn/T//ccjeXjAf.s 			page 5


 144              	.L10:
  81:Core/Src/usart.c ****   }
 145              		.loc 1 81 5 is_stmt 1 view .LVU44
 146 0026 FFF7FEFF 		bl	Error_Handler
 147              	.LVL3:
 148              		.loc 1 87 1 is_stmt 0 view .LVU45
 149 002a FBE7     		b	.L7
 150              	.L12:
 151              		.align	2
 152              	.L11:
 153 002c 00000000 		.word	huart6
 154 0030 00140140 		.word	1073812480
 155              		.cfi_endproc
 156              	.LFE221:
 158              		.section	.text.HAL_UART_MspInit,"ax",%progbits
 159              		.align	1
 160              		.global	HAL_UART_MspInit
 161              		.syntax unified
 162              		.thumb
 163              		.thumb_func
 165              	HAL_UART_MspInit:
 166              	.LVL4:
 167              	.LFB222:
  88:Core/Src/usart.c **** 
  89:Core/Src/usart.c **** void HAL_UART_MspInit(UART_HandleTypeDef* uartHandle)
  90:Core/Src/usart.c **** {
 168              		.loc 1 90 1 is_stmt 1 view -0
 169              		.cfi_startproc
 170              		@ args = 0, pretend = 0, frame = 40
 171              		@ frame_needed = 0, uses_anonymous_args = 0
 172              		.loc 1 90 1 is_stmt 0 view .LVU47
 173 0000 10B5     		push	{r4, lr}
 174              		.cfi_def_cfa_offset 8
 175              		.cfi_offset 4, -8
 176              		.cfi_offset 14, -4
 177 0002 8AB0     		sub	sp, sp, #40
 178              		.cfi_def_cfa_offset 48
  91:Core/Src/usart.c **** 
  92:Core/Src/usart.c ****   GPIO_InitTypeDef GPIO_InitStruct = {0};
 179              		.loc 1 92 3 is_stmt 1 view .LVU48
 180              		.loc 1 92 20 is_stmt 0 view .LVU49
 181 0004 0023     		movs	r3, #0
 182 0006 0593     		str	r3, [sp, #20]
 183 0008 0693     		str	r3, [sp, #24]
 184 000a 0793     		str	r3, [sp, #28]
 185 000c 0893     		str	r3, [sp, #32]
 186 000e 0993     		str	r3, [sp, #36]
  93:Core/Src/usart.c ****   if(uartHandle->Instance==USART1)
 187              		.loc 1 93 3 is_stmt 1 view .LVU50
 188              		.loc 1 93 16 is_stmt 0 view .LVU51
 189 0010 0368     		ldr	r3, [r0]
 190              		.loc 1 93 5 view .LVU52
 191 0012 2F4A     		ldr	r2, .L19
 192 0014 9342     		cmp	r3, r2
 193 0016 04D0     		beq	.L17
  94:Core/Src/usart.c ****   {
  95:Core/Src/usart.c ****   /* USER CODE BEGIN USART1_MspInit 0 */
ARM GAS  /var/folders/rj/9n9dpytj2n74_jwlj_p0xk9m0000gn/T//ccjeXjAf.s 			page 6


  96:Core/Src/usart.c **** 
  97:Core/Src/usart.c ****   /* USER CODE END USART1_MspInit 0 */
  98:Core/Src/usart.c ****     /* USART1 clock enable */
  99:Core/Src/usart.c ****     __HAL_RCC_USART1_CLK_ENABLE();
 100:Core/Src/usart.c **** 
 101:Core/Src/usart.c ****     __HAL_RCC_GPIOB_CLK_ENABLE();
 102:Core/Src/usart.c ****     /**USART1 GPIO Configuration
 103:Core/Src/usart.c ****     PB6     ------> USART1_TX
 104:Core/Src/usart.c ****     */
 105:Core/Src/usart.c ****     GPIO_InitStruct.Pin = RS485_UART_Pin;
 106:Core/Src/usart.c ****     GPIO_InitStruct.Mode = GPIO_MODE_AF_OD;
 107:Core/Src/usart.c ****     GPIO_InitStruct.Pull = GPIO_NOPULL;
 108:Core/Src/usart.c ****     GPIO_InitStruct.Speed = GPIO_SPEED_FREQ_VERY_HIGH;
 109:Core/Src/usart.c ****     GPIO_InitStruct.Alternate = GPIO_AF7_USART1;
 110:Core/Src/usart.c ****     HAL_GPIO_Init(RS485_UART_GPIO_Port, &GPIO_InitStruct);
 111:Core/Src/usart.c **** 
 112:Core/Src/usart.c ****     /* USART1 interrupt Init */
 113:Core/Src/usart.c ****     HAL_NVIC_SetPriority(USART1_IRQn, 0, 0);
 114:Core/Src/usart.c ****     HAL_NVIC_EnableIRQ(USART1_IRQn);
 115:Core/Src/usart.c ****   /* USER CODE BEGIN USART1_MspInit 1 */
 116:Core/Src/usart.c **** 
 117:Core/Src/usart.c ****   /* USER CODE END USART1_MspInit 1 */
 118:Core/Src/usart.c ****   }
 119:Core/Src/usart.c ****   else if(uartHandle->Instance==USART6)
 194              		.loc 1 119 8 is_stmt 1 view .LVU53
 195              		.loc 1 119 10 is_stmt 0 view .LVU54
 196 0018 2E4A     		ldr	r2, .L19+4
 197 001a 9342     		cmp	r3, r2
 198 001c 2CD0     		beq	.L18
 199              	.LVL5:
 200              	.L13:
 120:Core/Src/usart.c ****   {
 121:Core/Src/usart.c ****   /* USER CODE BEGIN USART6_MspInit 0 */
 122:Core/Src/usart.c **** 
 123:Core/Src/usart.c ****   /* USER CODE END USART6_MspInit 0 */
 124:Core/Src/usart.c ****     /* USART6 clock enable */
 125:Core/Src/usart.c ****     __HAL_RCC_USART6_CLK_ENABLE();
 126:Core/Src/usart.c **** 
 127:Core/Src/usart.c ****     __HAL_RCC_GPIOA_CLK_ENABLE();
 128:Core/Src/usart.c ****     /**USART6 GPIO Configuration
 129:Core/Src/usart.c ****     PA11     ------> USART6_TX
 130:Core/Src/usart.c ****     PA12     ------> USART6_RX
 131:Core/Src/usart.c ****     */
 132:Core/Src/usart.c ****     GPIO_InitStruct.Pin = GPIO_PIN_11|GPIO_PIN_12;
 133:Core/Src/usart.c ****     GPIO_InitStruct.Mode = GPIO_MODE_AF_PP;
 134:Core/Src/usart.c ****     GPIO_InitStruct.Pull = GPIO_NOPULL;
 135:Core/Src/usart.c ****     GPIO_InitStruct.Speed = GPIO_SPEED_FREQ_VERY_HIGH;
 136:Core/Src/usart.c ****     GPIO_InitStruct.Alternate = GPIO_AF8_USART6;
 137:Core/Src/usart.c ****     HAL_GPIO_Init(GPIOA, &GPIO_InitStruct);
 138:Core/Src/usart.c **** 
 139:Core/Src/usart.c ****     /* USART6 interrupt Init */
 140:Core/Src/usart.c ****     HAL_NVIC_SetPriority(USART6_IRQn, 0, 0);
 141:Core/Src/usart.c ****     HAL_NVIC_EnableIRQ(USART6_IRQn);
 142:Core/Src/usart.c ****   /* USER CODE BEGIN USART6_MspInit 1 */
 143:Core/Src/usart.c **** 
 144:Core/Src/usart.c ****   /* USER CODE END USART6_MspInit 1 */
 145:Core/Src/usart.c ****   }
ARM GAS  /var/folders/rj/9n9dpytj2n74_jwlj_p0xk9m0000gn/T//ccjeXjAf.s 			page 7


 146:Core/Src/usart.c **** }
 201              		.loc 1 146 1 view .LVU55
 202 001e 0AB0     		add	sp, sp, #40
 203              		.cfi_remember_state
 204              		.cfi_def_cfa_offset 8
 205              		@ sp needed
 206 0020 10BD     		pop	{r4, pc}
 207              	.LVL6:
 208              	.L17:
 209              		.cfi_restore_state
  99:Core/Src/usart.c **** 
 210              		.loc 1 99 5 is_stmt 1 view .LVU56
 211              	.LBB2:
  99:Core/Src/usart.c **** 
 212              		.loc 1 99 5 view .LVU57
 213 0022 0024     		movs	r4, #0
 214 0024 0194     		str	r4, [sp, #4]
  99:Core/Src/usart.c **** 
 215              		.loc 1 99 5 view .LVU58
 216 0026 2C4B     		ldr	r3, .L19+8
 217 0028 5A6C     		ldr	r2, [r3, #68]
 218 002a 42F01002 		orr	r2, r2, #16
 219 002e 5A64     		str	r2, [r3, #68]
  99:Core/Src/usart.c **** 
 220              		.loc 1 99 5 view .LVU59
 221 0030 5A6C     		ldr	r2, [r3, #68]
 222 0032 02F01002 		and	r2, r2, #16
 223 0036 0192     		str	r2, [sp, #4]
  99:Core/Src/usart.c **** 
 224              		.loc 1 99 5 view .LVU60
 225 0038 019A     		ldr	r2, [sp, #4]
 226              	.LBE2:
  99:Core/Src/usart.c **** 
 227              		.loc 1 99 5 view .LVU61
 101:Core/Src/usart.c ****     /**USART1 GPIO Configuration
 228              		.loc 1 101 5 view .LVU62
 229              	.LBB3:
 101:Core/Src/usart.c ****     /**USART1 GPIO Configuration
 230              		.loc 1 101 5 view .LVU63
 231 003a 0294     		str	r4, [sp, #8]
 101:Core/Src/usart.c ****     /**USART1 GPIO Configuration
 232              		.loc 1 101 5 view .LVU64
 233 003c 1A6B     		ldr	r2, [r3, #48]
 234 003e 42F00202 		orr	r2, r2, #2
 235 0042 1A63     		str	r2, [r3, #48]
 101:Core/Src/usart.c ****     /**USART1 GPIO Configuration
 236              		.loc 1 101 5 view .LVU65
 237 0044 1B6B     		ldr	r3, [r3, #48]
 238 0046 03F00203 		and	r3, r3, #2
 239 004a 0293     		str	r3, [sp, #8]
 101:Core/Src/usart.c ****     /**USART1 GPIO Configuration
 240              		.loc 1 101 5 view .LVU66
 241 004c 029B     		ldr	r3, [sp, #8]
 242              	.LBE3:
 101:Core/Src/usart.c ****     /**USART1 GPIO Configuration
 243              		.loc 1 101 5 view .LVU67
 105:Core/Src/usart.c ****     GPIO_InitStruct.Mode = GPIO_MODE_AF_OD;
ARM GAS  /var/folders/rj/9n9dpytj2n74_jwlj_p0xk9m0000gn/T//ccjeXjAf.s 			page 8


 244              		.loc 1 105 5 view .LVU68
 105:Core/Src/usart.c ****     GPIO_InitStruct.Mode = GPIO_MODE_AF_OD;
 245              		.loc 1 105 25 is_stmt 0 view .LVU69
 246 004e 4023     		movs	r3, #64
 247 0050 0593     		str	r3, [sp, #20]
 106:Core/Src/usart.c ****     GPIO_InitStruct.Pull = GPIO_NOPULL;
 248              		.loc 1 106 5 is_stmt 1 view .LVU70
 106:Core/Src/usart.c ****     GPIO_InitStruct.Pull = GPIO_NOPULL;
 249              		.loc 1 106 26 is_stmt 0 view .LVU71
 250 0052 1223     		movs	r3, #18
 251 0054 0693     		str	r3, [sp, #24]
 107:Core/Src/usart.c ****     GPIO_InitStruct.Speed = GPIO_SPEED_FREQ_VERY_HIGH;
 252              		.loc 1 107 5 is_stmt 1 view .LVU72
 108:Core/Src/usart.c ****     GPIO_InitStruct.Alternate = GPIO_AF7_USART1;
 253              		.loc 1 108 5 view .LVU73
 108:Core/Src/usart.c ****     GPIO_InitStruct.Alternate = GPIO_AF7_USART1;
 254              		.loc 1 108 27 is_stmt 0 view .LVU74
 255 0056 0323     		movs	r3, #3
 256 0058 0893     		str	r3, [sp, #32]
 109:Core/Src/usart.c ****     HAL_GPIO_Init(RS485_UART_GPIO_Port, &GPIO_InitStruct);
 257              		.loc 1 109 5 is_stmt 1 view .LVU75
 109:Core/Src/usart.c ****     HAL_GPIO_Init(RS485_UART_GPIO_Port, &GPIO_InitStruct);
 258              		.loc 1 109 31 is_stmt 0 view .LVU76
 259 005a 0723     		movs	r3, #7
 260 005c 0993     		str	r3, [sp, #36]
 110:Core/Src/usart.c **** 
 261              		.loc 1 110 5 is_stmt 1 view .LVU77
 262 005e 05A9     		add	r1, sp, #20
 263 0060 1E48     		ldr	r0, .L19+12
 264              	.LVL7:
 110:Core/Src/usart.c **** 
 265              		.loc 1 110 5 is_stmt 0 view .LVU78
 266 0062 FFF7FEFF 		bl	HAL_GPIO_Init
 267              	.LVL8:
 113:Core/Src/usart.c ****     HAL_NVIC_EnableIRQ(USART1_IRQn);
 268              		.loc 1 113 5 is_stmt 1 view .LVU79
 269 0066 2246     		mov	r2, r4
 270 0068 2146     		mov	r1, r4
 271 006a 2520     		movs	r0, #37
 272 006c FFF7FEFF 		bl	HAL_NVIC_SetPriority
 273              	.LVL9:
 114:Core/Src/usart.c ****   /* USER CODE BEGIN USART1_MspInit 1 */
 274              		.loc 1 114 5 view .LVU80
 275 0070 2520     		movs	r0, #37
 276 0072 FFF7FEFF 		bl	HAL_NVIC_EnableIRQ
 277              	.LVL10:
 278 0076 D2E7     		b	.L13
 279              	.LVL11:
 280              	.L18:
 125:Core/Src/usart.c **** 
 281              		.loc 1 125 5 view .LVU81
 282              	.LBB4:
 125:Core/Src/usart.c **** 
 283              		.loc 1 125 5 view .LVU82
 284 0078 0024     		movs	r4, #0
 285 007a 0394     		str	r4, [sp, #12]
 125:Core/Src/usart.c **** 
ARM GAS  /var/folders/rj/9n9dpytj2n74_jwlj_p0xk9m0000gn/T//ccjeXjAf.s 			page 9


 286              		.loc 1 125 5 view .LVU83
 287 007c 164B     		ldr	r3, .L19+8
 288 007e 5A6C     		ldr	r2, [r3, #68]
 289 0080 42F02002 		orr	r2, r2, #32
 290 0084 5A64     		str	r2, [r3, #68]
 125:Core/Src/usart.c **** 
 291              		.loc 1 125 5 view .LVU84
 292 0086 5A6C     		ldr	r2, [r3, #68]
 293 0088 02F02002 		and	r2, r2, #32
 294 008c 0392     		str	r2, [sp, #12]
 125:Core/Src/usart.c **** 
 295              		.loc 1 125 5 view .LVU85
 296 008e 039A     		ldr	r2, [sp, #12]
 297              	.LBE4:
 125:Core/Src/usart.c **** 
 298              		.loc 1 125 5 view .LVU86
 127:Core/Src/usart.c ****     /**USART6 GPIO Configuration
 299              		.loc 1 127 5 view .LVU87
 300              	.LBB5:
 127:Core/Src/usart.c ****     /**USART6 GPIO Configuration
 301              		.loc 1 127 5 view .LVU88
 302 0090 0494     		str	r4, [sp, #16]
 127:Core/Src/usart.c ****     /**USART6 GPIO Configuration
 303              		.loc 1 127 5 view .LVU89
 304 0092 1A6B     		ldr	r2, [r3, #48]
 305 0094 42F00102 		orr	r2, r2, #1
 306 0098 1A63     		str	r2, [r3, #48]
 127:Core/Src/usart.c ****     /**USART6 GPIO Configuration
 307              		.loc 1 127 5 view .LVU90
 308 009a 1B6B     		ldr	r3, [r3, #48]
 309 009c 03F00103 		and	r3, r3, #1
 310 00a0 0493     		str	r3, [sp, #16]
 127:Core/Src/usart.c ****     /**USART6 GPIO Configuration
 311              		.loc 1 127 5 view .LVU91
 312 00a2 049B     		ldr	r3, [sp, #16]
 313              	.LBE5:
 127:Core/Src/usart.c ****     /**USART6 GPIO Configuration
 314              		.loc 1 127 5 view .LVU92
 132:Core/Src/usart.c ****     GPIO_InitStruct.Mode = GPIO_MODE_AF_PP;
 315              		.loc 1 132 5 view .LVU93
 132:Core/Src/usart.c ****     GPIO_InitStruct.Mode = GPIO_MODE_AF_PP;
 316              		.loc 1 132 25 is_stmt 0 view .LVU94
 317 00a4 4FF4C053 		mov	r3, #6144
 318 00a8 0593     		str	r3, [sp, #20]
 133:Core/Src/usart.c ****     GPIO_InitStruct.Pull = GPIO_NOPULL;
 319              		.loc 1 133 5 is_stmt 1 view .LVU95
 133:Core/Src/usart.c ****     GPIO_InitStruct.Pull = GPIO_NOPULL;
 320              		.loc 1 133 26 is_stmt 0 view .LVU96
 321 00aa 0223     		movs	r3, #2
 322 00ac 0693     		str	r3, [sp, #24]
 134:Core/Src/usart.c ****     GPIO_InitStruct.Speed = GPIO_SPEED_FREQ_VERY_HIGH;
 323              		.loc 1 134 5 is_stmt 1 view .LVU97
 135:Core/Src/usart.c ****     GPIO_InitStruct.Alternate = GPIO_AF8_USART6;
 324              		.loc 1 135 5 view .LVU98
 135:Core/Src/usart.c ****     GPIO_InitStruct.Alternate = GPIO_AF8_USART6;
 325              		.loc 1 135 27 is_stmt 0 view .LVU99
 326 00ae 0323     		movs	r3, #3
ARM GAS  /var/folders/rj/9n9dpytj2n74_jwlj_p0xk9m0000gn/T//ccjeXjAf.s 			page 10


 327 00b0 0893     		str	r3, [sp, #32]
 136:Core/Src/usart.c ****     HAL_GPIO_Init(GPIOA, &GPIO_InitStruct);
 328              		.loc 1 136 5 is_stmt 1 view .LVU100
 136:Core/Src/usart.c ****     HAL_GPIO_Init(GPIOA, &GPIO_InitStruct);
 329              		.loc 1 136 31 is_stmt 0 view .LVU101
 330 00b2 0823     		movs	r3, #8
 331 00b4 0993     		str	r3, [sp, #36]
 137:Core/Src/usart.c **** 
 332              		.loc 1 137 5 is_stmt 1 view .LVU102
 333 00b6 05A9     		add	r1, sp, #20
 334 00b8 0948     		ldr	r0, .L19+16
 335              	.LVL12:
 137:Core/Src/usart.c **** 
 336              		.loc 1 137 5 is_stmt 0 view .LVU103
 337 00ba FFF7FEFF 		bl	HAL_GPIO_Init
 338              	.LVL13:
 140:Core/Src/usart.c ****     HAL_NVIC_EnableIRQ(USART6_IRQn);
 339              		.loc 1 140 5 is_stmt 1 view .LVU104
 340 00be 2246     		mov	r2, r4
 341 00c0 2146     		mov	r1, r4
 342 00c2 4720     		movs	r0, #71
 343 00c4 FFF7FEFF 		bl	HAL_NVIC_SetPriority
 344              	.LVL14:
 141:Core/Src/usart.c ****   /* USER CODE BEGIN USART6_MspInit 1 */
 345              		.loc 1 141 5 view .LVU105
 346 00c8 4720     		movs	r0, #71
 347 00ca FFF7FEFF 		bl	HAL_NVIC_EnableIRQ
 348              	.LVL15:
 349              		.loc 1 146 1 is_stmt 0 view .LVU106
 350 00ce A6E7     		b	.L13
 351              	.L20:
 352              		.align	2
 353              	.L19:
 354 00d0 00100140 		.word	1073811456
 355 00d4 00140140 		.word	1073812480
 356 00d8 00380240 		.word	1073887232
 357 00dc 00040240 		.word	1073873920
 358 00e0 00000240 		.word	1073872896
 359              		.cfi_endproc
 360              	.LFE222:
 362              		.section	.text.HAL_UART_MspDeInit,"ax",%progbits
 363              		.align	1
 364              		.global	HAL_UART_MspDeInit
 365              		.syntax unified
 366              		.thumb
 367              		.thumb_func
 369              	HAL_UART_MspDeInit:
 370              	.LVL16:
 371              	.LFB223:
 147:Core/Src/usart.c **** 
 148:Core/Src/usart.c **** void HAL_UART_MspDeInit(UART_HandleTypeDef* uartHandle)
 149:Core/Src/usart.c **** {
 372              		.loc 1 149 1 is_stmt 1 view -0
 373              		.cfi_startproc
 374              		@ args = 0, pretend = 0, frame = 0
 375              		@ frame_needed = 0, uses_anonymous_args = 0
 376              		.loc 1 149 1 is_stmt 0 view .LVU108
ARM GAS  /var/folders/rj/9n9dpytj2n74_jwlj_p0xk9m0000gn/T//ccjeXjAf.s 			page 11


 377 0000 08B5     		push	{r3, lr}
 378              		.cfi_def_cfa_offset 8
 379              		.cfi_offset 3, -8
 380              		.cfi_offset 14, -4
 150:Core/Src/usart.c **** 
 151:Core/Src/usart.c ****   if(uartHandle->Instance==USART1)
 381              		.loc 1 151 3 is_stmt 1 view .LVU109
 382              		.loc 1 151 16 is_stmt 0 view .LVU110
 383 0002 0368     		ldr	r3, [r0]
 384              		.loc 1 151 5 view .LVU111
 385 0004 114A     		ldr	r2, .L27
 386 0006 9342     		cmp	r3, r2
 387 0008 03D0     		beq	.L25
 152:Core/Src/usart.c ****   {
 153:Core/Src/usart.c ****   /* USER CODE BEGIN USART1_MspDeInit 0 */
 154:Core/Src/usart.c **** 
 155:Core/Src/usart.c ****   /* USER CODE END USART1_MspDeInit 0 */
 156:Core/Src/usart.c ****     /* Peripheral clock disable */
 157:Core/Src/usart.c ****     __HAL_RCC_USART1_CLK_DISABLE();
 158:Core/Src/usart.c **** 
 159:Core/Src/usart.c ****     /**USART1 GPIO Configuration
 160:Core/Src/usart.c ****     PB6     ------> USART1_TX
 161:Core/Src/usart.c ****     */
 162:Core/Src/usart.c ****     HAL_GPIO_DeInit(RS485_UART_GPIO_Port, RS485_UART_Pin);
 163:Core/Src/usart.c **** 
 164:Core/Src/usart.c ****     /* USART1 interrupt Deinit */
 165:Core/Src/usart.c ****     HAL_NVIC_DisableIRQ(USART1_IRQn);
 166:Core/Src/usart.c ****   /* USER CODE BEGIN USART1_MspDeInit 1 */
 167:Core/Src/usart.c **** 
 168:Core/Src/usart.c ****   /* USER CODE END USART1_MspDeInit 1 */
 169:Core/Src/usart.c ****   }
 170:Core/Src/usart.c ****   else if(uartHandle->Instance==USART6)
 388              		.loc 1 170 8 is_stmt 1 view .LVU112
 389              		.loc 1 170 10 is_stmt 0 view .LVU113
 390 000a 114A     		ldr	r2, .L27+4
 391 000c 9342     		cmp	r3, r2
 392 000e 0ED0     		beq	.L26
 393              	.LVL17:
 394              	.L21:
 171:Core/Src/usart.c ****   {
 172:Core/Src/usart.c ****   /* USER CODE BEGIN USART6_MspDeInit 0 */
 173:Core/Src/usart.c **** 
 174:Core/Src/usart.c ****   /* USER CODE END USART6_MspDeInit 0 */
 175:Core/Src/usart.c ****     /* Peripheral clock disable */
 176:Core/Src/usart.c ****     __HAL_RCC_USART6_CLK_DISABLE();
 177:Core/Src/usart.c **** 
 178:Core/Src/usart.c ****     /**USART6 GPIO Configuration
 179:Core/Src/usart.c ****     PA11     ------> USART6_TX
 180:Core/Src/usart.c ****     PA12     ------> USART6_RX
 181:Core/Src/usart.c ****     */
 182:Core/Src/usart.c ****     HAL_GPIO_DeInit(GPIOA, GPIO_PIN_11|GPIO_PIN_12);
 183:Core/Src/usart.c **** 
 184:Core/Src/usart.c ****     /* USART6 interrupt Deinit */
 185:Core/Src/usart.c ****     HAL_NVIC_DisableIRQ(USART6_IRQn);
 186:Core/Src/usart.c ****   /* USER CODE BEGIN USART6_MspDeInit 1 */
 187:Core/Src/usart.c **** 
 188:Core/Src/usart.c ****   /* USER CODE END USART6_MspDeInit 1 */
ARM GAS  /var/folders/rj/9n9dpytj2n74_jwlj_p0xk9m0000gn/T//ccjeXjAf.s 			page 12


 189:Core/Src/usart.c ****   }
 190:Core/Src/usart.c **** }
 395              		.loc 1 190 1 view .LVU114
 396 0010 08BD     		pop	{r3, pc}
 397              	.LVL18:
 398              	.L25:
 157:Core/Src/usart.c **** 
 399              		.loc 1 157 5 is_stmt 1 view .LVU115
 400 0012 02F59432 		add	r2, r2, #75776
 401 0016 536C     		ldr	r3, [r2, #68]
 402 0018 23F01003 		bic	r3, r3, #16
 403 001c 5364     		str	r3, [r2, #68]
 162:Core/Src/usart.c **** 
 404              		.loc 1 162 5 view .LVU116
 405 001e 4021     		movs	r1, #64
 406 0020 0C48     		ldr	r0, .L27+8
 407              	.LVL19:
 162:Core/Src/usart.c **** 
 408              		.loc 1 162 5 is_stmt 0 view .LVU117
 409 0022 FFF7FEFF 		bl	HAL_GPIO_DeInit
 410              	.LVL20:
 165:Core/Src/usart.c ****   /* USER CODE BEGIN USART1_MspDeInit 1 */
 411              		.loc 1 165 5 is_stmt 1 view .LVU118
 412 0026 2520     		movs	r0, #37
 413 0028 FFF7FEFF 		bl	HAL_NVIC_DisableIRQ
 414              	.LVL21:
 415 002c F0E7     		b	.L21
 416              	.LVL22:
 417              	.L26:
 176:Core/Src/usart.c **** 
 418              		.loc 1 176 5 view .LVU119
 419 002e 02F59232 		add	r2, r2, #74752
 420 0032 536C     		ldr	r3, [r2, #68]
 421 0034 23F02003 		bic	r3, r3, #32
 422 0038 5364     		str	r3, [r2, #68]
 182:Core/Src/usart.c **** 
 423              		.loc 1 182 5 view .LVU120
 424 003a 4FF4C051 		mov	r1, #6144
 425 003e 0648     		ldr	r0, .L27+12
 426              	.LVL23:
 182:Core/Src/usart.c **** 
 427              		.loc 1 182 5 is_stmt 0 view .LVU121
 428 0040 FFF7FEFF 		bl	HAL_GPIO_DeInit
 429              	.LVL24:
 185:Core/Src/usart.c ****   /* USER CODE BEGIN USART6_MspDeInit 1 */
 430              		.loc 1 185 5 is_stmt 1 view .LVU122
 431 0044 4720     		movs	r0, #71
 432 0046 FFF7FEFF 		bl	HAL_NVIC_DisableIRQ
 433              	.LVL25:
 434              		.loc 1 190 1 is_stmt 0 view .LVU123
 435 004a E1E7     		b	.L21
 436              	.L28:
 437              		.align	2
 438              	.L27:
 439 004c 00100140 		.word	1073811456
 440 0050 00140140 		.word	1073812480
 441 0054 00040240 		.word	1073873920
ARM GAS  /var/folders/rj/9n9dpytj2n74_jwlj_p0xk9m0000gn/T//ccjeXjAf.s 			page 13


 442 0058 00000240 		.word	1073872896
 443              		.cfi_endproc
 444              	.LFE223:
 446              		.global	huart6
 447              		.section	.bss.huart6,"aw",%nobits
 448              		.align	2
 451              	huart6:
 452 0000 00000000 		.space	72
 452      00000000 
 452      00000000 
 452      00000000 
 452      00000000 
 453              		.global	huart1
 454              		.section	.bss.huart1,"aw",%nobits
 455              		.align	2
 458              	huart1:
 459 0000 00000000 		.space	72
 459      00000000 
 459      00000000 
 459      00000000 
 459      00000000 
 460              		.text
 461              	.Letext0:
 462              		.file 2 "Drivers/CMSIS/Device/ST/STM32F4xx/Include/stm32f401xc.h"
 463              		.file 3 "/opt/local/arm-none-eabi/include/machine/_default_types.h"
 464              		.file 4 "/opt/local/arm-none-eabi/include/sys/_stdint.h"
 465              		.file 5 "Drivers/STM32F4xx_HAL_Driver/Inc/stm32f4xx_hal_def.h"
 466              		.file 6 "Drivers/STM32F4xx_HAL_Driver/Inc/stm32f4xx_hal_gpio.h"
 467              		.file 7 "Drivers/STM32F4xx_HAL_Driver/Inc/stm32f4xx_hal_dma.h"
 468              		.file 8 "Drivers/STM32F4xx_HAL_Driver/Inc/stm32f4xx_hal_uart.h"
 469              		.file 9 "Core/Inc/usart.h"
 470              		.file 10 "Drivers/STM32F4xx_HAL_Driver/Inc/stm32f4xx_hal_cortex.h"
 471              		.file 11 "Core/Inc/main.h"
ARM GAS  /var/folders/rj/9n9dpytj2n74_jwlj_p0xk9m0000gn/T//ccjeXjAf.s 			page 14


DEFINED SYMBOLS
                            *ABS*:00000000 usart.c
/var/folders/rj/9n9dpytj2n74_jwlj_p0xk9m0000gn/T//ccjeXjAf.s:21     .text.MX_USART1_UART_Init:00000000 $t
/var/folders/rj/9n9dpytj2n74_jwlj_p0xk9m0000gn/T//ccjeXjAf.s:27     .text.MX_USART1_UART_Init:00000000 MX_USART1_UART_Init
/var/folders/rj/9n9dpytj2n74_jwlj_p0xk9m0000gn/T//ccjeXjAf.s:84     .text.MX_USART1_UART_Init:0000002c $d
/var/folders/rj/9n9dpytj2n74_jwlj_p0xk9m0000gn/T//ccjeXjAf.s:458    .bss.huart1:00000000 huart1
/var/folders/rj/9n9dpytj2n74_jwlj_p0xk9m0000gn/T//ccjeXjAf.s:90     .text.MX_USART6_UART_Init:00000000 $t
/var/folders/rj/9n9dpytj2n74_jwlj_p0xk9m0000gn/T//ccjeXjAf.s:96     .text.MX_USART6_UART_Init:00000000 MX_USART6_UART_Init
/var/folders/rj/9n9dpytj2n74_jwlj_p0xk9m0000gn/T//ccjeXjAf.s:153    .text.MX_USART6_UART_Init:0000002c $d
/var/folders/rj/9n9dpytj2n74_jwlj_p0xk9m0000gn/T//ccjeXjAf.s:451    .bss.huart6:00000000 huart6
/var/folders/rj/9n9dpytj2n74_jwlj_p0xk9m0000gn/T//ccjeXjAf.s:159    .text.HAL_UART_MspInit:00000000 $t
/var/folders/rj/9n9dpytj2n74_jwlj_p0xk9m0000gn/T//ccjeXjAf.s:165    .text.HAL_UART_MspInit:00000000 HAL_UART_MspInit
/var/folders/rj/9n9dpytj2n74_jwlj_p0xk9m0000gn/T//ccjeXjAf.s:354    .text.HAL_UART_MspInit:000000d0 $d
/var/folders/rj/9n9dpytj2n74_jwlj_p0xk9m0000gn/T//ccjeXjAf.s:363    .text.HAL_UART_MspDeInit:00000000 $t
/var/folders/rj/9n9dpytj2n74_jwlj_p0xk9m0000gn/T//ccjeXjAf.s:369    .text.HAL_UART_MspDeInit:00000000 HAL_UART_MspDeInit
/var/folders/rj/9n9dpytj2n74_jwlj_p0xk9m0000gn/T//ccjeXjAf.s:439    .text.HAL_UART_MspDeInit:0000004c $d
/var/folders/rj/9n9dpytj2n74_jwlj_p0xk9m0000gn/T//ccjeXjAf.s:448    .bss.huart6:00000000 $d
/var/folders/rj/9n9dpytj2n74_jwlj_p0xk9m0000gn/T//ccjeXjAf.s:455    .bss.huart1:00000000 $d

UNDEFINED SYMBOLS
HAL_HalfDuplex_Init
Error_Handler
HAL_UART_Init
HAL_GPIO_Init
HAL_NVIC_SetPriority
HAL_NVIC_EnableIRQ
HAL_GPIO_DeInit
HAL_NVIC_DisableIRQ
